node   1  (   0,    0) (   6,    3) (  11,    4) (  10,    5) (   8,    7) (   8,    8) (   8,    7) (   8,    9) (   8,    9) (   8,    8)
          (   8,    7) (   8,    8) (   8,    8) (   8,    8) (   8,    8) (   8,    9) (   8,    9) (   8,    8) (   8,    8) (   8,    9)
          (   8,    9) (   8,    9) (   8,    9) (   8,    8) (   8,    9) (   8,    8) (   8,    8) (   8,    8) (   8,    8) (   8,    8)
          (   8,    7) (   8,    8) (   8,    8) (   8,    8) (   8,    7) (   8,    6) (   8,    8) (   8,    8) (   8,    8) (   8,    8)
          (   8,    9) (   8,    5) (   8,    8) (   8,    9) (   8,    7) (   8,    7) (   8,    7) (   8,    8) (   8,    8) (   8,    9)
          (   8,    6) (   5,    8) (   8,    7) (   7,    9) (   6,    7) (   8,    6) (   8,    6) (   8,    5) (   8,    7) (   7,    7)
          (   7,    5) (   8,    6) (   7,    8) (   6,    8) (   7,    9) (   8,    7) (   7,    7) (   6,    8) (   5,    9) (   7,    7)
          (   8,    6) (   8,    7) (   7,    8) (   7,    7) (   8,    8) (   5,    7) (   7,    6) (   6,    6) (   8,    8) (   7,    6)
          (   7,    8) (   7,    9) (   7,    6) (   8,    7) (   7,    9) (   6,    8) (   7,    8) (   8,    9) (   6,    8) (   8,    6)
          (   7,    6) (   8,    9) (   7,    5) (   8,    8) (   7,    8) (   6,    8) (   7,    7) (   8,    8) (   7,    6) (   7,    7)
          (   6,    8) (   7,    8) (   7,    6) (   7,    5) (   7,    7) (   8,    6) (   8,    5) (   7,    6) (   7,    8) (   7,    4)
          (   7,    7) (   8,    6) (   6,    4) (   7,    6) (   8,    8) (   7,    8) (   8,    8) (   8,    7) (   8,    7) (   8,    7)
          (   6,    7) (   6,    8) (   6,    7) (   8,    7) (   8,    7) (   8,    5) (   8,    8) (   8,    8) (   7,    8) (   8,    8)
          (   8,    8) (   6,    7) (   7,    6) (   7,    8) (   7,    8) (   7,    8) (   8,    8) (   8,    7) (   7,    6) (   8,    8)
          (   7,    7) (   6,    7) (   7,    5) (   8,    7) (   8,    6) (   8,    8) (   7,    7) (   6,    7) (   8,    8) (   8,    6)
          (   6,    8) (   7,    7) (   8,    8) (   8,    8) (   8,    7) (   8,    6) (   8,    7) (   8,    6) (   8,    6) (   6,    6)
          (   8,    7) (   6,    7) (   8,    6) (   8,    6) (   7,    8) (   7,    7) (   6,    5) (   5,    7) (   6,    8) (   8,    8)
          (   6,    8) (   8,    8) (   8,    8) (   4,    6) (   7,    8) (   7,    6) (   8,    7) (   8,    7) (   6,    8) (   8,    6)
          (   8,    5) (   7,    8) (   7,    6) (   6,    7) (   8,    7) (   7,    8) (   8,    7) (   8,    8) (   8,    8) (   6,    8)
          (   6,    7) (   8,    8) (   8,    7) (   7,    7) (   8,    6) (   8,    7) (   8,    8) (   8,    8) (   7,    8) (   8,    7)
          (   7,    6) (   8,    6) (   8,    6) (   6,    7) (   6,    7) (   7,    8) (   7,    8) (   6,    7) (   8,    7) (   7,    8)
          (   7,    8) (   8,    7) (   7,    8) (   8,    8) (   6,    7) (   8,    6) (   6,    7) (   7,    8) (   7,    7) (   8,    7)
          (   8,    7) (   8,    7) (   8,    6) (   8,    7) (   7,    7) (   8,    8) (   8,    7) (   7,    7) (   8,    5) (   7,    7)
          (   8,    6) (   8,    8) (   8,    8) (   6,    8) (   8,    7) (   7,    8) (   7,    7) (   7,    4) (   7,    7) (   6,    7)
          (   7,    7) (   8,    8) (   7,    8) (   7,    6) (   7,    6) (   6,    5) (   7,    7) (   7,    6) (   8,    7) (   7,    7)
          (   8,    6) (   7,    8) (   8,    7) (   8,    6) (   7,    7) (   8,    8) (   6,    7) (   7,    8) (   8,    6) (   8,    7)
          (   8,    8) (   8,    8) (   8,    8) (   6,    7) (   7,    8) (   5,    8) (   8,    5) (   7,    8) (   7,    8) (   8,    8)
          (   7,    8) (   6,    6) (   8,    8) (   7,    7) (   8,    8) (   6,    6) (   6,    6) (   8,    8) (   7,    6) (   7,    8)
          (   8,    7) (   8,    7) (   7,    8) (   7,    8) (   7,    7) (   7,    6) (   7,    6) (   7,    7) (   7,    7) (   7,    7)
          (   8,    8) (   6,    7) (   8,    6) (   6,    8) (   8,    7) (   8,    7) (   8,    7) (   8,    5) (   8,    8) (   8,    6)
          (   8,    7) (   8,    7) (   8,    8) (   8,    8) (   8,    8) (   8,    8) (   8,    8) (   8,    8) (   8,    8) (   8,    8)
          (   8,    8) (   8,    8) (   8,    8) (   8,    8) (   8,    8) (   8,    8) (   8,    8) (   8,    8) (   8,    8) (   8,    8)
          (   8,    8) (   8,    8) (   8,    8) (   8,    8) (   8,    8) (   8,    8) (   8,    8) (   8,    8) (   8,    8) (   8,    8)
          (   8,    8) (   8,    8) (   8,    8) (   8,    8) (   8,    8) (   8,    8) (   8,    8) (   8,    8) (   8,    8) (   8,    8)
          (   8,    8) (   8,    8) (   8,    8) (   8,    8) (   8,    8) (   8,    8) (   8,    8) (   8,    8) (   8,    8) (   8,    8)
          (   8,    8) (   8,    8) (   8,    8) (   8,    8) (   8,    8) (   8,    8) (   8,    8) (   8,    8) (   8,    8) (   8,    8)
          (   8,    8) (   8,    8) (   8,    8) (   8,    8) (   8,    8) (   8,    8) (   8,    8) (   8,    8) (   8,    8) (   8,    8)
          (   8,    8) (   8,    8) (   8,    8) (   8,    8) (   8,    8) (   8,    8) (   8,    8) (   8,    8) (   8,    8) (   8,    8)
          (   8,    8) (   8,    8) (   8,    8) (   8,    8) (   8,    8) (   8,    8) (   8,    8) (   8,    8) (   8,    8) (   8,    8)
          (   8,    8) (   8,    8) (   8,    8) (   8,    8) (   8,    8) (   8,    8) (   8,    8) (   8,    8) (   8,    8) (   8,    8)
          (   8,    8) (   8,    8) (   8,    8) (   8,    8) (   8,    8) (   8,    8) (   8,    8) (   8,    8) (   8,    8) (   8,    8)
          (   8,    8) (   8,    8) (   8,    8) (   8,    8) (   8,    8) (   8,    8) (   8,    8) (   8,    8) (   8,    8) (   8,    8)
          (   8,    8) (   8,    8) (   8,    8) (   8,    8) (   8,    8) (   8,    8) (   8,    8) (   8,    8) (   8,    8) (   8,    8)
          (   8,    8) (   8,    8) (   8,    8) (   8,    8) (   8,    8) (   8,    8) (   8,    8) (   8,    8) (   8,    8) (   8,    8)
          (   8,    8) (   8,    8) (   8,    8) (   8,    8) (   8,    8) (   8,    8) (   8,    8) (   8,    8) (   8,    8) (   8,    8)
          (   8,    8) (   8,    8) (   8,    8) (   8,    8) (   8,    8) (   8,    8) (   8,    8) (   8,    8) (   8,    8) (   8,    8)
          (   8,    8) (   8,    8) (   8,    8) (   8,    8) (   8,    8) (   8,    8) (   8,    8) (   8,    8) (   8,    8) (   8,    8)
          (   8,    8) (   8,    8) (   8,    8) (   8,    8) (   8,    8) (   8,    8) (   8,    8) (   8,    8) (   8,    8) (   8,    8)
          (   8,    8) (   8,    8) (   8,    8) (   8,    8) (   8,    8) (   8,    8) (   8,    8) (   8,    8) (   8,    8) (   8,    8)
          (   8,    8) (   8,    8) (   8,    8) (   8,    8) (   8,    8) (   8,    8) (   8,    8) (   8,    8) (   8,    8) (   8,    8)
          (   8,    8) (   8,    8) (   8,    8) (   8,    8) (   8,    8) (   8,    8) (   8,    8) (   8,    8) (   8,    8) (   8,    8)
          (   8,    8) (   8,    8) (   8,    8) (   8,    8) (   8,    8) (   8,    8) (   8,    8) (   8,    8) (   8,    8) (   8,    8)
          (   8,    8) (   8,    8) (   8,    8) (   8,    8) (   8,    8) (   8,    8) (   8,    8) (   8,    8) (   8,    8) (   8,    8)
          (   8,    8) (   8,    8) (   8,    8) (   8,    8) (   8,    8) (   8,    8) (   8,    8) (   8,    8) (   8,    8) (   8,    8)
          (   8,    8) (   8,    8) (   8,    8) (   8,    8) (   8,    8) (   8,    8) (   8,    8) (   8,    8) (   8,    8) (   8,    8)
          (   8,    8) (   8,    8) (   8,    8) (   8,    8) (   8,    8) (   8,    8) (   8,    8) (   8,    8) (   8,    8) (   8,    8)
          (   8,    8) (   8,    8) (   8,    8) (   8,    8) (   8,    8) (   8,    8) (   8,    8) (   8,    8) (   8,    8) (   8,    8)
          (   8,    8) (   8,    8) (   8,    8) (   8,    8) (   8,    8) (   8,    8) (   8,    8) (   8,    8) (   8,    8) (   8,    8)
          (   8,    8) (   8,    8) (   8,    8) (   8,    8) (   8,    8) (   8,    8) (   8,    8) (   8,    8) (   8,    8) (   8,    8)
          (   8,    8) (   8,    8) (   8,    8) (   8,    8) (   8,    8) (   8,    8) (   8,    8) (   8,    8) (   8,    8) (   8,    8)
          (   8,    8) (   8,    8) (   8,    8) (   8,    8) (   8,    8) (   8,    8) (   8,    8) (   8,    8) (   8,    8) (   8,    8)
          (   8,    8) (   8,    8) (   8,    8) (   8,    8) (   8,    8) (   8,    8) (   8,    8) (   8,    8) (   8,    8) (   8,    8)
          (   8,    8) (   8,    8) (   8,    8) (   8,    8) (   8,    8) (   8,    8) (   8,    8) (   8,    8) (   8,    8) (   8,    8)
          (   8,    8) (   8,    8) (   8,    8) (   8,    8) (   8,    8) (   8,    8) (   8,    8) (   8,    8) (   8,    8) (   8,    8)
          (   8,    8) (   8,    8) (   8,    8) (   8,    8) (   8,    8) (   8,    8) (   8,    8) (   8,    8) (   8,    8) (   8,    8)
          (   8,    8) (   8,    8) (   8,    8) (   8,    8) (   8,    8) (   8,    8) (   8,    8) (   8,    8) (   8,    8) (   8,    8)
          (   8,    8) (   8,    8) (   8,    8) (   8,    8) (   8,    8) (   8,    8) (   8,    8) (   8,    8) (   8,    8) (   8,    8)
          (   8,    8) (   8,    8) (   8,    8) (   8,    8) (   8,    8) (   8,    8) (   8,    8) (   8,    8) (   8,    8) (   8,    8)
          (   8,    8) (   8,    8) (   8,    8) (   8,    8) (   8,    8) (   8,    8) (   8,    8) (   8,    8) (   8,    8) (   8,    8)
          (   8,    8) (   8,    8) (   8,    8) (   8,    8) (   8,    8) (   8,    8) (   8,    8) (   8,    8) (   8,    8) (   8,    8)
         
node   1 sent_total   5405  recv_total   5343

node   2  (   1,    0) (   0,    0) (   3,    2) (   7,    3) (   8,    7) (   8,    7) (   8,    8) (   8,    8) (   8,    9) (   8,    9)
          (   8,    8) (   8,    9) (   8,    7) (   8,    8) (   8,    9) (   8,    8) (   8,    9) (   8,    8) (   8,    8) (   8,    9)
          (   8,    9) (   8,    9) (   8,    8) (   8,    8) (   8,    8) (   8,    8) (   8,    9) (   8,    9) (   8,    9) (   8,    9)
          (   8,    9) (   8,    8) (   8,    9) (   8,    8) (   8,    8) (   8,    8) (   8,    7) (   8,    9) (   8,    9) (   8,    7)
          (   8,    8) (   8,    9) (   8,    8) (   8,    9) (   8,    9) (   8,    9) (   8,    7) (   8,    9) (   8,    8) (   8,    8)
          (   8,    9) (   8,    7) (   7,    7) (   6,    9) (   8,    7) (   7,    8) (   8,    7) (   8,    9) (   8,    7) (   8,    7)
          (   8,    9) (   6,    9) (   7,    6) (   7,    9) (   8,    7) (   7,    8) (   8,    8) (   7,    9) (   7,    9) (   7,    7)
          (   7,    7) (   8,    9) (   7,    7) (   6,    7) (   8,    8) (   7,    9) (   6,    8) (   8,    7) (   8,    9) (   4,    7)
          (   7,    7) (   8,    9) (   8,    6) (   7,    9) (   7,    9) (   7,    8) (   7,    7) (   7,    8) (   7,    7) (   7,    9)
          (   8,    8) (   7,    8) (   6,    8) (   8,    7) (   5,    8) (   8,    8) (   8,    9) (   6,    9) (   8,    7) (   8,    8)
          (   8,    8) (   6,    8) (   8,    6) (   8,    7) (   7,    7) (   6,    6) (   5,    6) (   7,    8) (   8,    8) (   8,    7)
          (   6,    5) (   8,    6) (   8,    8) (   8,    7) (   7,    8) (   7,    7) (   7,    8) (   7,    8) (   8,    7) (   6,    8)
          (   8,    8) (   7,    7) (   7,    7) (   7,    8) (   6,    7) (   7,    7) (   6,    6) (   7,    8) (   6,    8) (   8,    7)
          (   8,    8) (   6,    7) (   8,    8) (   6,    8) (   7,    8) (   7,    7) (   7,    6) (   8,    7) (   6,    6) (   8,    7)
          (   8,    8) (   5,    7) (   8,    8) (   7,    5) (   8,    8) (   7,    8) (   8,    8) (   7,    7) (   7,    8) (   6,    8)
          (   8,    7) (   8,    8) (   8,    6) (   8,    6) (   5,    8) (   6,    6) (   7,    8) (   8,    7) (   6,    6) (   8,    7)
          (   8,    8) (   7,    6) (   7,    5) (   6,    7) (   7,    6) (   8,    7) (   8,    7) (   7,    6) (   6,    7) (   7,    8)
          (   7,    8) (   8,    7) (   7,    6) (   7,    7) (   8,    7) (   8,    6) (   7,    8) (   8,    7) (   7,    8) (   7,    6)
          (   8,    6) (   7,    7) (   7,    8) (   8,    7) (   8,    8) (   8,    8) (   6,    8) (   8,    7) (   8,    7) (   7,    8)
          (   8,    6) (   7,    8) (   4,    8) (   8,    8) (   6,    7) (   6,    6) (   8,    7) (   8,    8) (   8,    8) (   8,    8)
          (   8,    8) (   8,    7) (   7,    6) (   5,    7) (   8,    7) (   8,    7) (   6,    8) (   6,    7) (   8,    7) (   7,    8)
          (   5,    7) (   7,    7) (   7,    8) (   7,    7) (   8,    8) (   8,    7) (   8,    6) (   7,    5) (   6,    7) (   6,    5)
          (   8,    7) (   7,    8) (   8,    8) (   8,    7) (   7,    6) (   7,    7) (   8,    6) (   7,    7) (   7,    8) (   7,    8)
          (   8,    7) (   8,    5) (   7,    8) (   8,    8) (   7,    7) (   6,    7) (   6,    7) (   8,    7) (   7,    8) (   7,    8)
          (   7,    7) (   8,    8) (   6,    8) (   7,    7) (   6,    7) (   7,    7) (   6,    5) (   7,    7) (   7,    5) (   8,    7)
          (   8,    8) (   8,    7) (   7,    7) (   7,    6) (   6,    7) (   6,    8) (   7,    8) (   6,    8) (   6,    7) (   8,    6)
          (   7,    7) (   8,    7) (   6,    8) (   6,    7) (   7,    7) (   7,    8) (   8,    7) (   7,    8) (   8,    6) (   8,    8)
          (   7,    8) (   6,    7) (   6,    8) (   8,    8) (   5,    7) (   6,    5) (   7,    6) (   8,    8) (   7,    8) (   8,    8)
          (   8,    6) (   6,    7) (   7,    7) (   7,    8) (   8,    7) (   7,    7) (   8,    7) (   7,    8) (   7,    8) (   7,    7)
          (   8,    7) (   7,    7) (   7,    7) (   7,    7) (   8,    8) (   7,    8) (   7,    8) (   7,    7) (   7,    6) (   8,    7)
          (   8,    8) (   8,    7) (   8,    8) (   8,    8) (   8,    8) (   8,    8) (   8,    8) (   8,    8) (   8,    8) (   8,    8)
          (   8,    8) (   8,    8) (   8,    8) (   8,    8) (   8,    8) (   8,    8) (   8,    8) (   8,    8) (   8,    8) (   8,    8)
          (   8,    8) (   8,    8) (   8,    8) (   8,    8) (   8,    8) (   8,    8) (   8,    8) (   8,    8) (   8,    8) (   8,    8)
          (   8,    8) (   8,    8) (   8,    8) (   8,    8) (   8,    8) (   8,    8) (   8,    8) (   8,    8) (   8,    8) (   8,    8)
          (   8,    8) (   8,    8) (   8,    8) (   8,    8) (   8,    8) (   8,    8) (   8,    8) (   8,    8) (   8,    8) (   8,    8)
          (   8,    8) (   8,    8) (   8,    8) (   8,    8) (   8,    8) (   8,    8) (   8,    8) (   8,    8) (   8,    8) (   8,    8)
          (   8,    8) (   8,    8) (   8,    8) (   8,    8) (   8,    8) (   8,    8) (   8,    8) (   8,    8) (   8,    8) (   8,    8)
          (   8,    8) (   8,    8) (   8,    8) (   8,    8) (   8,    8) (   8,    8) (   8,    8) (   8,    8) (   8,    8) (   8,    8)
          (   8,    8) (   8,    8) (   8,    8) (   8,    8) (   8,    8) (   8,    8) (   8,    8) (   8,    8) (   8,    8) (   8,    8)
          (   8,    8) (   8,    8) (   8,    8) (   8,    8) (   8,    8) (   8,    8) (   8,    8) (   8,    8) (   8,    8) (   8,    8)
          (   8,    8) (   8,    8) (   8,    8) (   8,    8) (   8,    8) (   8,    8) (   8,    8) (   8,    8) (   8,    8) (   8,    8)
          (   8,    8) (   8,    8) (   8,    8) (   8,    8) (   8,    8) (   8,    8) (   8,    8) (   8,    8) (   8,    8) (   8,    8)
          (   8,    8) (   8,    8) (   8,    8) (   8,    8) (   8,    8) (   8,    8) (   8,    8) (   8,    8) (   8,    8) (   8,    8)
          (   8,    8) (   8,    8) (   8,    8) (   8,    8) (   8,    8) (   8,    8) (   8,    8) (   8,    8) (   8,    8) (   8,    8)
          (   8,    8) (   8,    8) (   8,    8) (   8,    8) (   8,    8) (   8,    8) (   8,    8) (   8,    8) (   8,    8) (   8,    8)
          (   8,    8) (   8,    8) (   8,    8) (   8,    8) (   8,    8) (   8,    8) (   8,    8) (   8,    8) (   8,    8) (   8,    8)
          (   8,    8) (   8,    8) (   8,    8) (   8,    8) (   8,    8) (   8,    8) (   8,    8) (   8,    8) (   8,    8) (   8,    8)
          (   8,    8) (   8,    8) (   8,    8) (   8,    8) (   8,    8) (   8,    8) (   8,    8) (   8,    8) (   8,    8) (   8,    8)
          (   8,    8) (   8,    8) (   8,    8) (   8,    8) (   8,    8) (   8,    8) (   8,    8) (   8,    8) (   8,    8) (   8,    8)
          (   8,    8) (   8,    8) (   8,    8) (   8,    8) (   8,    8) (   8,    8) (   8,    8) (   8,    8) (   8,    8) (   8,    8)
          (   8,    8) (   8,    8) (   8,    8) (   8,    8) (   8,    8) (   8,    8) (   8,    8) (   8,    8) (   8,    8) (   8,    8)
          (   8,    8) (   8,    8) (   8,    8) (   8,    8) (   8,    8) (   8,    8) (   8,    8) (   8,    8) (   8,    8) (   8,    8)
          (   8,    8) (   8,    8) (   8,    8) (   8,    8) (   8,    8) (   8,    8) (   8,    8) (   8,    8) (   8,    8) (   8,    8)
          (   8,    8) (   8,    8) (   8,    8) (   8,    8) (   8,    8) (   8,    8) (   8,    8) (   8,    8) (   8,    8) (   8,    8)
          (   8,    8) (   8,    8) (   8,    8) (   8,    8) (   8,    8) (   8,    8) (   8,    8) (   8,    8) (   8,    8) (   8,    8)
          (   8,    8) (   8,    8) (   8,    8) (   8,    8) (   8,    8) (   8,    8) (   8,    8) (   8,    8) (   8,    8) (   8,    8)
          (   8,    8) (   8,    8) (   8,    8) (   8,    8) (   8,    8) (   8,    8) (   8,    8) (   8,    8) (   8,    8) (   8,    8)
          (   8,    8) (   8,    8) (   8,    8) (   8,    8) (   8,    8) (   8,    8) (   8,    8) (   8,    8) (   8,    8) (   8,    8)
          (   8,    8) (   8,    8) (   8,    8) (   8,    8) (   8,    8) (   8,    8) (   8,    8) (   8,    8) (   8,    8) (   8,    8)
          (   8,    8) (   8,    8) (   8,    8) (   8,    8) (   8,    8) (   8,    8) (   8,    8) (   8,    8) (   8,    8) (   8,    8)
          (   8,    8) (   8,    8) (   8,    8) (   8,    8) (   8,    8) (   8,    8) (   8,    8) (   8,    8) (   8,    8) (   8,    8)
          (   8,    8) (   8,    8) (   8,    8) (   8,    8) (   8,    8) (   8,    8) (   8,    8) (   8,    8) (   8,    8) (   8,    8)
          (   8,    8) (   8,    8) (   8,    8) (   8,    8) (   8,    8) (   8,    8) (   8,    8) (   8,    8) (   8,    8) (   8,    8)
          (   8,    8) (   8,    8) (   8,    8) (   8,    8) (   8,    8) (   8,    8) (   8,    8) (   8,    8) (   8,    8) (   8,    8)
          (   8,    8) (   8,    8) (   8,    8) (   8,    8) (   8,    8) (   8,    8) (   8,    8) (   8,    8) (   8,    8) (   8,    8)
          (   8,    8) (   8,    8) (   8,    8) (   8,    8) (   8,    8) (   8,    8) (   8,    8) (   8,    8) (   8,    8) (   8,    8)
          (   8,    8) (   8,    8) (   8,    8) (   8,    8) (   8,    8) (   8,    8) (   8,    8) (   8,    8) (   8,    8) (   8,    8)
          (   8,    8) (   8,    8) (   8,    8) (   8,    8) (   8,    8) (   8,    8) (   8,    8) (   8,    8) (   8,    8) (   8,    8)
          (   8,    8) (   8,    8) (   8,    8) (   8,    8) (   8,    8) (   8,    8) (   8,    8) (   8,    8) (   8,    8) (   8,    8)
          (   8,    8) (   8,    8) (   8,    8) (   8,    8) (   8,    8) (   8,    8) (   8,    8) (   8,    8) (   8,    8) (   8,    8)
         
node   2 sent_total   5366  recv_total   5412

node   3  (   1,    0) (   0,    0) (   3,    2) (   7,    3) (   8,    7) (   8,    9) (   8,    8) (   8,    9) (   8,    9) (   8,    9)
          (   8,    8) (   8,    8) (   8,    9) (   8,    8) (   8,    9) (   8,    9) (   8,    8) (   8,    7) (   8,    9) (   8,    9)
          (   8,    8) (   8,    8) (   8,    7) (   8,    9) (   8,    8) (   8,    9) (   8,    7) (   8,    9) (   8,    9) (   8,    9)
          (   8,    7) (   8,    8) (   8,    9) (   8,    8) (   8,    8) (   8,    8) (   8,    8) (   8,    8) (   8,    9) (   8,    9)
          (   8,    8) (   8,    7) (   8,    9) (   8,    8) (   8,    9) (   8,    7) (   8,    7) (   8,    7) (   8,    9) (   8,    7)
          (   8,    9) (   7,    7) (   8,    6) (   8,    8) (   6,    9) (   8,    7) (   8,    8) (   6,    8) (   6,    7) (   8,    9)
          (   8,    7) (   7,    9) (   7,    7) (   6,    8) (   8,    5) (   7,    8) (   8,    7) (   8,    5) (   7,    6) (   7,    7)
          (   7,    8) (   8,    7) (   6,    8) (   7,    8) (   7,    7) (   6,    8) (   8,    5) (   8,    7) (   8,    9) (   6,    9)
          (   8,    6) (   7,    9) (   7,    8) (   8,    8) (   7,    9) (   7,    6) (   7,    7) (   6,    6) (   8,    6) (   7,    9)
          (   8,    7) (   7,    9) (   8,    8) (   6,    7) (   7,    6) (   6,    6) (   8,    6) (   8,    7) (   8,    8) (   8,    8)
          (   8,    6) (   7,    8) (   8,    7) (   7,    8) (   7,    5) (   7,    6) (   8,    8) (   7,    6) (   6,    7) (   7,    8)
          (   8,    8) (   7,    7) (   7,    7) (   8,    8) (   8,    7) (   8,    7) (   7,    6) (   7,    8) (   7,    8) (   8,    8)
          (   7,    7) (   6,    7) (   7,    8) (   7,    7) (   7,    7) (   8,    7) (   5,    7) (   8,    6) (   7,    8) (   8,    6)
          (   8,    8) (   8,    8) (   7,    7) (   7,    8) (   7,    7) (   8,    7) (   8,    6) (   8,    7) (   7,    7) (   8,    8)
          (   8,    6) (   8,    7) (   8,    7) (   4,    7) (   7,    8) (   6,    6) (   7,    8) (   8,    8) (   7,    7) (   8,    7)
          (   8,    8) (   8,    8) (   7,    6) (   7,    8) (   6,    7) (   8,    8) (   8,    7) (   6,    6) (   8,    8) (   8,    6)
          (   7,    8) (   6,    7) (   8,    8) (   7,    7) (   8,    8) (   6,    8) (   7,    8) (   8,    8) (   7,    7) (   8,    8)
          (   7,    7) (   5,    7) (   8,    6) (   6,    7) (   7,    8) (   7,    8) (   8,    8) (   7,    7) (   7,    6) (   7,    7)
          (   6,    8) (   7,    7) (   7,    7) (   8,    7) (   7,    8) (   7,    8) (   8,    5) (   7,    8) (   7,    6) (   6,    6)
          (   8,    7) (   8,    7) (   8,    8) (   8,    7) (   6,    7) (   7,    7) (   7,    8) (   7,    7) (   8,    7) (   8,    8)
          (   5,    6) (   5,    8) (   6,    8) (   7,    8) (   8,    7) (   7,    6) (   7,    7) (   8,    8) (   7,    6) (   7,    8)
          (   8,    6) (   8,    5) (   8,    7) (   8,    8) (   8,    7) (   8,    6) (   8,    8) (   6,    8) (   8,    8) (   6,    8)
          (   6,    8) (   8,    7) (   7,    7) (   6,    7) (   7,    8) (   7,    5) (   7,    6) (   7,    8) (   8,    7) (   7,    6)
          (   7,    8) (   7,    8) (   6,    8) (   7,    8) (   7,    8) (   6,    6) (   7,    7) (   8,    8) (   6,    7) (   6,    7)
          (   7,    7) (   8,    8) (   7,    7) (   6,    8) (   7,    7) (   8,    7) (   6,    8) (   7,    5) (   6,    8) (   8,    8)
          (   8,    8) (   7,    7) (   7,    7) (   6,    8) (   8,    7) (   8,    7) (   8,    8) (   6,    8) (   8,    7) (   8,    7)
          (   8,    7) (   7,    8) (   8,    8) (   8,    5) (   8,    8) (   4,    6) (   6,    6) (   6,    8) (   7,    8) (   8,    6)
          (   6,    7) (   6,    6) (   8,    7) (   8,    8) (   5,    8) (   8,    8) (   7,    7) (   6,    7) (   8,    8) (   4,    6)
          (   7,    7) (   8,    8) (   7,    7) (   7,    8) (   8,    6) (   5,    8) (   8,    6) (   6,    7) (   8,    7) (   7,    8)
          (   8,    8) (   7,    8) (   8,    7) (   7,    8) (   7,    5) (   7,    8) (   5,    8) (   8,    6) (   8,    8) (   7,    7)
          (   8,    8) (   8,    6) (   8,    8) (   8,    8) (   8,    8) (   8,    8) (   8,    8) (   8,    8) (   8,    8) (   8,    8)
          (   8,    8) (   8,    8) (   8,    8) (   8,    8) (   8,    8) (   8,    8) (   8,    8) (   8,    8) (   8,    8) (   8,    8)
          (   8,    8) (   8,    8) (   8,    8) (   8,    8) (   8,    8) (   8,    8) (   8,    8) (   8,    8) (   8,    8) (   8,    8)
          (   8,    8) (   8,    8) (   8,    8) (   8,    8) (   8,    8) (   8,    8) (   8,    8) (   8,    8) (   8,    8) (   8,    8)
          (   8,    8) (   8,    8) (   8,    8) (   8,    8) (   8,    8) (   8,    8) (   8,    8) (   8,    8) (   8,    8) (   8,    8)
          (   8,    8) (   8,    8) (   8,    8) (   8,    8) (   8,    8) (   8,    8) (   8,    8) (   8,    8) (   8,    8) (   8,    8)
          (   8,    8) (   8,    8) (   8,    8) (   8,    8) (   8,    8) (   8,    8) (   8,    8) (   8,    8) (   8,    8) (   8,    8)
          (   8,    8) (   8,    8) (   8,    8) (   8,    8) (   8,    8) (   8,    8) (   8,    8) (   8,    8) (   8,    8) (   8,    8)
          (   8,    8) (   8,    8) (   8,    8) (   8,    8) (   8,    8) (   8,    8) (   8,    8) (   8,    8) (   8,    8) (   8,    8)
          (   8,    8) (   8,    8) (   8,    8) (   8,    8) (   8,    8) (   8,    8) (   8,    8) (   8,    8) (   8,    8) (   8,    8)
          (   8,    8) (   8,    8) (   8,    8) (   8,    8) (   8,    8) (   8,    8) (   8,    8) (   8,    8) (   8,    8) (   8,    8)
          (   8,    8) (   8,    8) (   8,    8) (   8,    8) (   8,    8) (   8,    8) (   8,    8) (   8,    8) (   8,    8) (   8,    8)
          (   8,    8) (   8,    8) (   8,    8) (   8,    8) (   8,    8) (   8,    8) (   8,    8) (   8,    8) (   8,    8) (   8,    8)
          (   8,    8) (   8,    8) (   8,    8) (   8,    8) (   8,    8) (   8,    8) (   8,    8) (   8,    8) (   8,    8) (   8,    8)
          (   8,    8) (   8,    8) (   8,    8) (   8,    8) (   8,    8) (   8,    8) (   8,    8) (   8,    8) (   8,    8) (   8,    8)
          (   8,    8) (   8,    8) (   8,    8) (   8,    8) (   8,    8) (   8,    8) (   8,    8) (   8,    8) (   8,    8) (   8,    8)
          (   8,    8) (   8,    8) (   8,    8) (   8,    8) (   8,    8) (   8,    8) (   8,    8) (   8,    8) (   8,    8) (   8,    8)
          (   8,    8) (   8,    8) (   8,    8) (   8,    8) (   8,    8) (   8,    8) (   8,    8) (   8,    8) (   8,    8) (   8,    8)
          (   8,    8) (   8,    8) (   8,    8) (   8,    8) (   8,    8) (   8,    8) (   8,    8) (   8,    8) (   8,    8) (   8,    8)
          (   8,    8) (   8,    8) (   8,    8) (   8,    8) (   8,    8) (   8,    8) (   8,    8) (   8,    8) (   8,    8) (   8,    8)
          (   8,    8) (   8,    8) (   8,    8) (   8,    8) (   8,    8) (   8,    8) (   8,    8) (   8,    8) (   8,    8) (   8,    8)
          (   8,    8) (   8,    8) (   8,    8) (   8,    8) (   8,    8) (   8,    8) (   8,    8) (   8,    8) (   8,    8) (   8,    8)
          (   8,    8) (   8,    8) (   8,    8) (   8,    8) (   8,    8) (   8,    8) (   8,    8) (   8,    8) (   8,    8) (   8,    8)
          (   8,    8) (   8,    8) (   8,    8) (   8,    8) (   8,    8) (   8,    8) (   8,    8) (   8,    8) (   8,    8) (   8,    8)
          (   8,    8) (   8,    8) (   8,    8) (   8,    8) (   8,    8) (   8,    8) (   8,    8) (   8,    8) (   8,    8) (   8,    8)
          (   8,    8) (   8,    8) (   8,    8) (   8,    8) (   8,    8) (   8,    8) (   8,    8) (   8,    8) (   8,    8) (   8,    8)
          (   8,    8) (   8,    8) (   8,    8) (   8,    8) (   8,    8) (   8,    8) (   8,    8) (   8,    8) (   8,    8) (   8,    8)
          (   8,    8) (   8,    8) (   8,    8) (   8,    8) (   8,    8) (   8,    8) (   8,    8) (   8,    8) (   8,    8) (   8,    8)
          (   8,    8) (   8,    8) (   8,    8) (   8,    8) (   8,    8) (   8,    8) (   8,    8) (   8,    8) (   8,    8) (   8,    8)
          (   8,    8) (   8,    8) (   8,    8) (   8,    8) (   8,    8) (   8,    8) (   8,    8) (   8,    8) (   8,    8) (   8,    8)
          (   8,    8) (   8,    8) (   8,    8) (   8,    8) (   8,    8) (   8,    8) (   8,    8) (   8,    8) (   8,    8) (   8,    8)
          (   8,    8) (   8,    8) (   8,    8) (   8,    8) (   8,    8) (   8,    8) (   8,    8) (   8,    8) (   8,    8) (   8,    8)
          (   8,    8) (   8,    8) (   8,    8) (   8,    8) (   8,    8) (   8,    8) (   8,    8) (   8,    8) (   8,    8) (   8,    8)
          (   8,    8) (   8,    8) (   8,    8) (   8,    8) (   8,    8) (   8,    8) (   8,    8) (   8,    8) (   8,    8) (   8,    8)
          (   8,    8) (   8,    8) (   8,    8) (   8,    8) (   8,    8) (   8,    8) (   8,    8) (   8,    8) (   8,    8) (   8,    8)
          (   8,    8) (   8,    8) (   8,    8) (   8,    8) (   8,    8) (   8,    8) (   8,    8) (   8,    8) (   8,    8) (   8,    8)
          (   8,    8) (   8,    8) (   8,    8) (   8,    8) (   8,    8) (   8,    8) (   8,    8) (   8,    8) (   8,    8) (   8,    8)
          (   8,    8) (   8,    8) (   8,    8) (   8,    8) (   8,    8) (   8,    8) (   8,    8) (   8,    8) (   8,    8) (   8,    8)
          (   8,    8) (   8,    8) (   8,    8) (   8,    8) (   8,    8) (   8,    8) (   8,    8) (   8,    8) (   8,    8) (   8,    8)
          (   8,    8) (   8,    8) (   8,    8) (   8,    8) (   8,    8) (   8,    8) (   8,    8) (   8,    8) (   8,    8) (   8,    8)
         
node   3 sent_total   5369  recv_total   5391

node   4  (   1,    0) (   0,    0) (   3,    2) (   7,    3) (   7,    6) (   8,    9) (   8,    9) (   8,    9) (   8,    8) (   8,    9)
          (   8,    9) (   8,    9) (   8,    9) (   8,    9) (   8,    8) (   8,    9) (   8,    9) (   8,    9) (   8,    8) (   8,    9)
          (   8,    8) (   8,    8) (   8,    9) (   8,    6) (   8,    9) (   8,    7) (   8,    9) (   8,    9) (   8,    8) (   8,    7)
          (   8,    8) (   8,    9) (   8,    7) (   8,    9) (   8,    9) (   8,    9) (   8,    9) (   8,    6) (   8,    8) (   8,    8)
          (   8,    7) (   8,    9) (   8,    8) (   8,    9) (   8,    8) (   8,    8) (   8,    9) (   8,    9) (   8,    7) (   8,    9)
          (   8,    9) (   7,    9) (   8,    8) (   6,    8) (   8,    9) (   6,    6) (   8,    8) (   7,    9) (   6,    8) (   7,    8)
          (   8,    9) (   7,    9) (   6,    8) (   7,    9) (   8,    7) (   8,    6) (   6,    6) (   8,    7) (   7,    9) (   6,    5)
          (   6,    7) (   6,    8) (   7,    8) (   7,    7) (   7,    8) (   6,    8) (   7,    8) (   8,    8) (   7,    7) (   8,    8)
          (   8,    9) (   6,    7) (   8,    9) (   8,    7) (   8,    8) (   8,    7) (   8,    8) (   8,    7) (   8,    9) (   8,    8)
          (   7,    8) (   8,    7) (   6,    8) (   7,    7) (   8,    8) (   7,    8) (   8,    8) (   8,    6) (   8,    8) (   4,    8)
          (   8,    9) (   8,    7) (   8,    6) (   5,    8) (   8,    8) (   7,    8) (   6,    6) (   8,    8) (   8,    8) (   7,    7)
          (   8,    8) (   8,    7) (   8,    7) (   8,    7) (   8,    7) (   7,    7) (   8,    8) (   8,    7) (   6,    7) (   8,    7)
          (   8,    7) (   8,    7) (   7,    5) (   7,    6) (   8,    7) (   7,    7) (   7,    8) (   7,    8) (   7,    7) (   8,    7)
          (   8,    7) (   6,    7) (   7,    8) (   6,    8) (   7,    6) (   8,    8) (   8,    8) (   5,    7) (   7,    7) (   8,    6)
          (   8,    8) (   5,    8) (   7,    7) (   8,    8) (   7,    8) (   8,    8) (   6,    7) (   7,    8) (   7,    6) (   7,    8)
          (   8,    8) (   8,    8) (   7,    7) (   8,    6) (   8,    8) (   8,    7) (   7,    8) (   6,    8) (   8,    8) (   8,    7)
          (   7,    8) (   8,    7) (   6,    7) (   7,    7) (   8,    4) (   8,    6) (   8,    8) (   8,    7) (   8,    8) (   8,    8)
          (   7,    8) (   7,    8) (   7,    6) (   8,    7) (   8,    8) (   7,    6) (   6,    8) (   8,    7) (   6,    8) (   7,    8)
          (   7,    6) (   8,    8) (   7,    8) (   7,    7) (   8,    6) (   8,    7) (   8,    6) (   8,    7) (   8,    8) (   7,    7)
          (   7,    6) (   8,    8) (   7,    8) (   7,    8) (   8,    8) (   7,    8) (   7,    7) (   7,    8) (   8,    8) (   6,    5)
          (   8,    8) (   7,    8) (   7,    7) (   8,    7) (   8,    8) (   6,    8) (   7,    6) (   6,    7) (   8,    8) (   6,    8)
          (   7,    5) (   8,    6) (   8,    8) (   8,    8) (   8,    7) (   8,    7) (   8,    7) (   7,    7) (   6,    5) (   7,    5)
          (   6,    8) (   8,    8) (   7,    7) (   8,    7) (   6,    7) (   7,    8) (   8,    7) (   7,    8) (   6,    7) (   8,    8)
          (   8,    7) (   8,    5) (   7,    8) (   8,    8) (   7,    8) (   8,    7) (   8,    8) (   8,    8) (   8,    8) (   5,    6)
          (   7,    5) (   7,    8) (   7,    8) (   7,    8) (   7,    8) (   6,    7) (   5,    6) (   5,    7) (   7,    8) (   8,    6)
          (   7,    8) (   7,    8) (   8,    7) (   8,    7) (   8,    8) (   5,    6) (   7,    5) (   8,    6) (   7,    6) (   8,    8)
          (   8,    8) (   8,    7) (   6,    8) (   8,    8) (   6,    6) (   6,    8) (   8,    7) (   7,    6) (   7,    8) (   7,    8)
          (   7,    8) (   8,    7) (   8,    7) (   8,    4) (   8,    8) (   8,    8) (   8,    8) (   7,    7) (   7,    8) (   7,    8)
          (   7,    7) (   5,    7) (   5,    8) (   7,    8) (   8,    7) (   6,    8) (   6,    8) (   6,    7) (   5,    8) (   8,    7)
          (   5,    8) (   7,    8) (   8,    7) (   8,    7) (   6,    8) (   8,    8) (   8,    8) (   7,    7) (   7,    8) (   6,    7)
          (   5,    8) (   8,    8) (   8,    8) (   8,    8) (   8,    8) (   8,    8) (   8,    8) (   8,    8) (   8,    8) (   8,    8)
          (   8,    8) (   8,    8) (   8,    8) (   8,    8) (   8,    8) (   8,    8) (   8,    8) (   8,    8) (   8,    8) (   8,    8)
          (   8,    8) (   8,    8) (   8,    8) (   8,    8) (   8,    8) (   8,    8) (   8,    8) (   8,    8) (   8,    8) (   8,    8)
          (   8,    8) (   8,    8) (   8,    8) (   8,    8) (   8,    8) (   8,    8) (   8,    8) (   8,    8) (   8,    8) (   8,    8)
          (   8,    8) (   8,    8) (   8,    8) (   8,    8) (   8,    8) (   8,    8) (   8,    8) (   8,    8) (   8,    8) (   8,    8)
          (   8,    8) (   8,    8) (   8,    8) (   8,    8) (   8,    8) (   8,    8) (   8,    8) (   8,    8) (   8,    8) (   8,    8)
          (   8,    8) (   8,    8) (   8,    8) (   8,    8) (   8,    8) (   8,    8) (   8,    8) (   8,    8) (   8,    8) (   8,    8)
          (   8,    8) (   8,    8) (   8,    8) (   8,    8) (   8,    8) (   8,    8) (   8,    8) (   8,    8) (   8,    8) (   8,    8)
          (   8,    8) (   8,    8) (   8,    8) (   8,    8) (   8,    8) (   8,    8) (   8,    8) (   8,    8) (   8,    8) (   8,    8)
          (   8,    8) (   8,    8) (   8,    8) (   8,    8) (   8,    8) (   8,    8) (   8,    8) (   8,    8) (   8,    8) (   8,    8)
          (   8,    8) (   8,    8) (   8,    8) (   8,    8) (   8,    8) (   8,    8) (   8,    8) (   8,    8) (   8,    8) (   8,    8)
          (   8,    8) (   8,    8) (   8,    8) (   8,    8) (   8,    8) (   8,    8) (   8,    8) (   8,    8) (   8,    8) (   8,    8)
          (   8,    8) (   8,    8) (   8,    8) (   8,    8) (   8,    8) (   8,    8) (   8,    8) (   8,    8) (   8,    8) (   8,    8)
          (   8,    8) (   8,    8) (   8,    8) (   8,    8) (   8,    8) (   8,    8) (   8,    8) (   8,    8) (   8,    8) (   8,    8)
          (   8,    8) (   8,    8) (   8,    8) (   8,    8) (   8,    8) (   8,    8) (   8,    8) (   8,    8) (   8,    8) (   8,    8)
          (   8,    8) (   8,    8) (   8,    8) (   8,    8) (   8,    8) (   8,    8) (   8,    8) (   8,    8) (   8,    8) (   8,    8)
          (   8,    8) (   8,    8) (   8,    8) (   8,    8) (   8,    8) (   8,    8) (   8,    8) (   8,    8) (   8,    8) (   8,    8)
          (   8,    8) (   8,    8) (   8,    8) (   8,    8) (   8,    8) (   8,    8) (   8,    8) (   8,    8) (   8,    8) (   8,    8)
          (   8,    8) (   8,    8) (   8,    8) (   8,    8) (   8,    8) (   8,    8) (   8,    8) (   8,    8) (   8,    8) (   8,    8)
          (   8,    8) (   8,    8) (   8,    8) (   8,    8) (   8,    8) (   8,    8) (   8,    8) (   8,    8) (   8,    8) (   8,    8)
          (   8,    8) (   8,    8) (   8,    8) (   8,    8) (   8,    8) (   8,    8) (   8,    8) (   8,    8) (   8,    8) (   8,    8)
          (   8,    8) (   8,    8) (   8,    8) (   8,    8) (   8,    8) (   8,    8) (   8,    8) (   8,    8) (   8,    8) (   8,    8)
          (   8,    8) (   8,    8) (   8,    8) (   8,    8) (   8,    8) (   8,    8) (   8,    8) (   8,    8) (   8,    8) (   8,    8)
          (   8,    8) (   8,    8) (   8,    8) (   8,    8) (   8,    8) (   8,    8) (   8,    8) (   8,    8) (   8,    8) (   8,    8)
          (   8,    8) (   8,    8) (   8,    8) (   8,    8) (   8,    8) (   8,    8) (   8,    8) (   8,    8) (   8,    8) (   8,    8)
          (   8,    8) (   8,    8) (   8,    8) (   8,    8) (   8,    8) (   8,    8) (   8,    8) (   8,    8) (   8,    8) (   8,    8)
          (   8,    8) (   8,    8) (   8,    8) (   8,    8) (   8,    8) (   8,    8) (   8,    8) (   8,    8) (   8,    8) (   8,    8)
          (   8,    8) (   8,    8) (   8,    8) (   8,    8) (   8,    8) (   8,    8) (   8,    8) (   8,    8) (   8,    8) (   8,    8)
          (   8,    8) (   8,    8) (   8,    8) (   8,    8) (   8,    8) (   8,    8) (   8,    8) (   8,    8) (   8,    8) (   8,    8)
          (   8,    8) (   8,    8) (   8,    8) (   8,    8) (   8,    8) (   8,    8) (   8,    8) (   8,    8) (   8,    8) (   8,    8)
          (   8,    8) (   8,    8) (   8,    8) (   8,    8) (   8,    8) (   8,    8) (   8,    8) (   8,    8) (   8,    8) (   8,    8)
          (   8,    8) (   8,    8) (   8,    8) (   8,    8) (   8,    8) (   8,    8) (   8,    8) (   8,    8) (   8,    8) (   8,    8)
          (   8,    8) (   8,    8) (   8,    8) (   8,    8) (   8,    8) (   8,    8) (   8,    8) (   8,    8) (   8,    8) (   8,    8)
          (   8,    8) (   8,    8) (   8,    8) (   8,    8) (   8,    8) (   8,    8) (   8,    8) (   8,    8) (   8,    8) (   8,    8)
          (   8,    8) (   8,    8) (   8,    8) (   8,    8) (   8,    8) (   8,    8) (   8,    8) (   8,    8) (   8,    8) (   8,    8)
          (   8,    8) (   8,    8) (   8,    8) (   8,    8) (   8,    8) (   8,    8) (   8,    8) (   8,    8) (   8,    8) (   8,    8)
          (   8,    8) (   8,    8) (   8,    8) (   8,    8) (   8,    8) (   8,    8) (   8,    8) (   8,    8) (   8,    8) (   8,    8)
          (   8,    8) (   8,    8) (   8,    8) (   8,    8) (   8,    8) (   8,    8) (   8,    8) (   8,    8) (   8,    8) (   8,    8)
          (   8,    8) (   8,    8) (   8,    8) (   8,    8) (   8,    8) (   8,    8) (   8,    8) (   8,    8) (   8,    8) (   8,    8)
          (   8,    8) (   8,    8) (   8,    8) (   8,    8) (   8,    8) (   8,    8) (   8,    8) (   8,    8) (   8,    8) (   8,    8)
         
node   4 sent_total   5381  recv_total   5430

node   5  (   0,    0) (   1,    0) (   0,    0) (   7,    2) (   8,    7) (   8,    9) (   8,    8) (   8,    8) (   8,    9) (   8,    8)
          (   8,    9) (   8,    7) (   8,    8) (   8,    9) (   8,    9) (   8,    9) (   8,    8) (   8,    8) (   8,    8) (   8,    9)
          (   8,    8) (   8,    6) (   8,    9) (   8,    9) (   8,    9) (   8,    8) (   8,    8) (   8,    9) (   8,    9) (   8,    9)
          (   8,    8) (   8,    9) (   8,    7) (   8,    9) (   8,    9) (   8,    8) (   8,    9) (   8,    7) (   8,    8) (   8,    9)
          (   8,    9) (   8,    9) (   8,    9) (   8,    9) (   8,    9) (   8,    9) (   8,    9) (   8,    8) (   8,    6) (   8,    9)
          (   8,    9) (   3,    7) (   8,    9) (   7,    8) (   7,    8) (   8,    9) (   8,    9) (   7,    7) (   6,    7) (   7,    9)
          (   8,    6) (   8,    8) (   6,    7) (   7,    7) (   4,    6) (   7,    8) (   8,    8) (   6,    9) (   7,    9) (   8,    8)
          (   8,    7) (   7,    7) (   6,    8) (   8,    8) (   7,    8) (   8,    8) (   8,    5) (   7,    7) (   7,    6) (   7,    8)
          (   5,    7) (   8,    8) (   8,    9) (   8,    6) (   8,    4) (   8,    7) (   8,    7) (   5,    7) (   8,    6) (   8,    6)
          (   8,    7) (   8,    7) (   8,    9) (   6,    7) (   7,    6) (   7,    7) (   8,    8) (   8,    7) (   8,    8) (   7,    6)
          (   7,    7) (   0,    0) (   0,    0) (   0,    0) (   0,    0) (   0,    0) (   0,    0) (   0,    0) (   0,    0) (   0,    0)
          (   0,    0) (   0,    0) (   0,    0) (   0,    0) (   0,    0) (   0,    0) (   0,    0) (   0,    0) (   0,    0) (   0,    0)
          (   0,    0) (   0,    0) (   0,    0) (   0,    0) (   0,    0) (   0,    0) (   0,    0) (   0,    0) (   0,    0) (   0,    0)
          (   0,    0) (   0,    0) (   0,    0) (   0,    0) (   0,    0) (   0,    0) (   0,    0) (   0,    0) (   0,    0) (   0,    0)
          (   0,    0) (   0,    0) (   0,    0) (   0,    0) (   0,    0) (   0,    0) (   0,    0) (   0,    0) (   0,    0) (   0,    0)
          (   0,    0) (   0,    0) (   0,    0) (   0,    0) (   0,    0) (   0,    0) (   0,    0) (   0,    0) (   0,    0) (   0,    0)
          (   0,    0) (   0,    0) (   0,    0) (   0,    0) (   0,    0) (   0,    0) (   0,    0) (   0,    0) (   0,    0) (   0,    0)
          (   0,    0) (   0,    0) (   0,    0) (   0,    0) (   0,    0) (   0,    0) (   0,    0) (   0,    0) (   0,    0) (   0,    0)
          (   0,    0) (   0,    0) (   0,    0) (   0,    0) (   0,    0) (   0,    0) (   0,    0) (   0,    0) (   0,    0) (   0,    0)
          (   0,    0) (   0,    0) (   0,    0) (   0,    0) (   0,    0) (   0,    0) (   0,    0) (   0,    0) (   0,    0) (   0,    0)
          (   0,    0) (   0,    0) (   0,    0) (   0,    0) (   0,    0) (   0,    0) (   0,    0) (   0,    0) (   0,    0) (   0,    0)
          (   0,    0) (   0,    0) (   0,    0) (   0,    0) (   0,    0) (   0,    0) (   0,    0) (   0,    0) (   0,    0) (   0,    0)
          (   0,    0) (   0,    0) (   0,    0) (   0,    0) (   0,    0) (   0,    0) (   0,    0) (   0,    0) (   0,    0) (   0,    0)
          (   0,    0) (   0,    0) (   0,    0) (   0,    0) (   0,    0) (   0,    0) (   0,    0) (   0,    0) (   0,    0) (   0,    0)
          (   0,    0) (   0,    0) (   0,    0) (   0,    0) (   0,    0) (   0,    0) (   0,    0) (   0,    0) (   0,    0) (   0,    0)
          (   0,    0) (   0,    0) (   0,    0) (   0,    0) (   0,    0) (   0,    0) (   0,    0) (   0,    0) (   0,    0) (   0,    0)
          (   0,    0) (   0,    0) (   0,    0) (   0,    0) (   0,    0) (   0,    0) (   0,    0) (   0,    0) (   0,    0) (   0,    0)
          (   0,    0) (   0,    0) (   0,    0) (   0,    0) (   0,    0) (   0,    0) (   0,    0) (   0,    0) (   0,    0) (   0,    0)
          (   0,    0) (   0,    0) (   0,    0) (   0,    0) (   0,    0) (   0,    0) (   0,    0) (   0,    0) (   0,    0) (   0,    0)
          (   0,    0) (   0,    0) (   0,    0) (   0,    0) (   0,    0) (   0,    0) (   0,    0) (   0,    0) (   0,    0) (   0,    0)
          (   0,    0) (   0,    0) (   0,    0) (   0,    0) (   0,    0) (   0,    0) (   0,    0) (   0,    0) (   0,    0) (   0,    0)
          (   0,    0) (   0,    0) (   0,    0) (   0,    0) (   0,    0) (   0,    0) (   0,    0) (   0,    0) (   0,    0) (   0,    0)
          (   0,    0) (   0,    0) (   0,    0) (   0,    0) (   0,    0) (   0,    0) (   0,    0) (   0,    0) (   0,    0) (   0,    0)
          (   0,    0) (   0,    0) (   0,    0) (   0,    0) (   0,    0) (   0,    0) (   0,    0) (   0,    0) (   0,    0) (   0,    0)
          (   0,    0) (   0,    0) (   0,    0) (   0,    0) (   0,    0) (   0,    0) (   0,    0) (   0,    0) (   0,    0) (   0,    0)
          (   0,    0) (   0,    0) (   0,    0) (   0,    0) (   0,    0) (   0,    0) (   0,    0) (   0,    0) (   0,    0) (   0,    0)
          (   0,    0) (   0,    0) (   0,    0) (   0,    0) (   0,    0) (   0,    0) (   0,    0) (   0,    0) (   0,    0) (   0,    0)
          (   0,    0) (   0,    0) (   0,    0) (   0,    0) (   0,    0) (   0,    0) (   0,    0) (   0,    0) (   0,    0) (   0,    0)
          (   0,    0) (   0,    0) (   0,    0) (   0,    0) (   0,    0) (   0,    0) (   0,    0) (   0,    0) (   0,    0) (   0,    0)
          (   0,    0) (   0,    0) (   0,    0) (   0,    0) (   0,    0) (   0,    0) (   0,    0) (   0,    0) (   0,    0) (   0,    0)
          (   0,    0) (   0,    0) (   0,    0) (   0,    0) (   0,    0) (   0,    0) (   0,    0) (   0,    0) (   0,    0) (   0,    0)
          (   0,    0) (   0,    0) (   0,    0) (   0,    0) (   0,    0) (   0,    0) (   0,    0) (   0,    0) (   0,    0) (   0,    0)
          (   0,    0) (   0,    0) (   0,    0) (   0,    0) (   0,    0) (   0,    0) (   0,    0) (   0,    0) (   0,    0) (   0,    0)
          (   0,    0) (   0,    0) (   0,    0) (   0,    0) (   0,    0) (   0,    0) (   0,    0) (   0,    0) (   0,    0) (   0,    0)
          (   0,    0) (   0,    0) (   0,    0) (   0,    0) (   0,    0) (   0,    0) (   0,    0) (   0,    0) (   0,    0) (   0,    0)
          (   0,    0) (   0,    0) (   0,    0) (   0,    0) (   0,    0) (   0,    0) (   0,    0) (   0,    0) (   0,    0) (   0,    0)
          (   0,    0) (   0,    0) (   0,    0) (   0,    0) (   0,    0) (   0,    0) (   0,    0) (   0,    0) (   0,    0) (   0,    0)
          (   0,    0) (   0,    0) (   0,    0) (   0,    0) (   0,    0) (   0,    0) (   0,    0) (   0,    0) (   0,    0) (   0,    0)
          (   0,    0) (   0,    0) (   0,    0) (   0,    0) (   0,    0) (   0,    0) (   0,    0) (   0,    0) (   0,    0) (   0,    0)
          (   0,    0) (   0,    0) (   0,    0) (   0,    0) (   0,    0) (   0,    0) (   0,    0) (   0,    0) (   0,    0) (   0,    0)
          (   0,    0) (   0,    0) (   0,    0) (   0,    0) (   0,    0) (   0,    0) (   0,    0) (   0,    0) (   0,    0) (   0,    0)
          (   0,    0) (   0,    0) (   0,    0) (   0,    0) (   0,    0) (   0,    0) (   0,    0) (   0,    0) (   0,    0) (   0,    0)
          (   0,    0) (   0,    0) (   0,    0) (   0,    0) (   0,    0) (   0,    0) (   0,    0) (   0,    0) (   0,    0) (   0,    0)
          (   0,    0) (   0,    0) (   0,    0) (   0,    0) (   0,    0) (   0,    0) (   0,    0) (   0,    0) (   0,    0) (   0,    0)
          (   0,    0) (   0,    0) (   0,    0) (   0,    0) (   0,    0) (   0,    0) (   0,    0) (   0,    0) (   0,    0) (   0,    0)
          (   0,    0) (   0,    0) (   0,    0) (   0,    0) (   0,    0) (   0,    0) (   0,    0) (   0,    0) (   0,    0) (   0,    0)
          (   0,    0) (   0,    0) (   0,    0) (   0,    0) (   0,    0) (   0,    0) (   0,    0) (   0,    0) (   0,    0) (   0,    0)
          (   0,    0) (   0,    0) (   0,    0) (   0,    0) (   0,    0) (   0,    0) (   0,    0) (   0,    0) (   0,    0) (   0,    0)
          (   0,    0) (   0,    0) (   0,    0) (   0,    0) (   0,    0) (   0,    0) (   0,    0) (   0,    0) (   0,    0) (   0,    0)
          (   0,    0) (   0,    0) (   0,    0) (   0,    0) (   0,    0) (   0,    0) (   0,    0) (   0,    0) (   0,    0) (   0,    0)
          (   0,    0) (   0,    0) (   0,    0) (   0,    0) (   0,    0) (   0,    0) (   0,    0) (   0,    0) (   0,    0) (   0,    0)
          (   0,    0) (   0,    0) (   0,    0) (   0,    0) (   0,    0) (   0,    0) (   0,    0) (   0,    0) (   0,    0) (   0,    0)
          (   0,    0) (   0,    0) (   0,    0) (   0,    0) (   0,    0) (   0,    0) (   0,    0) (   0,    0) (   0,    0) (   0,    0)
          (   0,    0) (   0,    0) (   0,    0) (   0,    0) (   0,    0) (   0,    0) (   0,    0) (   0,    0) (   0,    0) (   0,    0)
          (   0,    0) (   0,    0) (   0,    0) (   0,    0) (   0,    0) (   0,    0) (   0,    0) (   0,    0) (   0,    0) (   0,    0)
          (   0,    0) (   0,    0) (   0,    0) (   0,    0) (   0,    0) (   0,    0) (   0,    0) (   0,    0) (   0,    0) (   0,    0)
          (   0,    0) (   0,    0) (   0,    0) (   0,    0) (   0,    0) (   0,    0) (   0,    0) (   0,    0) (   0,    0) (   0,    0)
          (   0,    0) (   0,    0) (   0,    0) (   0,    0) (   0,    0) (   0,    0) (   0,    0) (   0,    0) (   0,    0) (   0,    0)
          (   0,    0) (   0,    0) (   0,    0) (   0,    0) (   0,    0) (   0,    0) (   0,    0) (   0,    0) (   0,    0) (   0,    0)
          (   0,    0) (   0,    0) (   0,    0) (   0,    0) (   0,    0) (   0,    0) (   0,    0) (   0,    0) (   0,    0) (   0,    0)
         
node   5 sent_total    743  recv_total    764

node   6  (   0,    0) (   1,    0) (   0,    0) (   7,    2) (   8,    7) (   8,    9) (   8,    9) (   8,    6) (   8,    8) (   8,    8)
          (   8,    9) (   8,    9) (   8,    9) (   8,    9) (   8,    8) (   8,    7) (   8,    8) (   8,    9) (   8,    7) (   8,    7)
          (   8,    9) (   8,    9) (   8,    7) (   8,    9) (   8,    9) (   8,    8) (   8,    9) (   8,    8) (   8,    9) (   8,    7)
          (   8,    9) (   8,    8) (   8,    8) (   8,    9) (   8,    9) (   8,    9) (   8,    9) (   8,    9) (   8,    9) (   8,    8)
          (   8,    9) (   8,    9) (   8,    9) (   8,    7) (   8,    6) (   8,    8) (   8,    9) (   8,    9) (   8,    9) (   8,    8)
          (   8,    7) (   8,    9) (   7,    6) (   7,    7) (   7,    8) (   8,    9) (   6,    9) (   7,    9) (   6,    6) (   5,    7)
          (   8,    8) (   6,    9) (   7,    7) (   8,    4) (   8,    6) (   5,    9) (   7,    9) (   8,    7) (   8,    7) (   7,    8)
          (   6,    7) (   7,    8) (   7,    8) (   7,    9) (   8,    6) (   7,    8) (   8,    6) (   8,    7) (   6,    8) (   8,    7)
          (   8,    6) (   7,    9) (   7,    8) (   8,    8) (   6,    8) (   8,    9) (   8,    8) (   8,    6) (   7,    7) (   8,    8)
          (   6,    9) (   6,    7) (   6,    8) (   8,    9) (   7,    5) (   7,    9) (   7,    4) (   8,    8) (   7,    8) (   6,    9)
          (   5,    8) (   6,    7) (   8,    4) (   7,    4) (   8,    7) (   7,    7) (   7,    8) (   7,    6) (   7,    6) (   7,    7)
          (   7,    6) (   5,    7) (   6,    7) (   7,    7) (   6,    8) (   8,    8) (   8,    8) (   7,    8) (   8,    6) (   7,    7)
          (   6,    6) (   7,    7) (   7,    6) (   7,    4) (   7,    8) (   6,    7) (   7,    8) (   7,    7) (   8,    8) (   7,    8)
          (   7,    7) (   7,    8) (   8,    7) (   8,    8) (   7,    7) (   7,    6) (   7,    7) (   7,    8) (   6,    8) (   5,    7)
          (   8,    8) (   8,    8) (   6,    7) (   7,    7) (   8,    6) (   8,    8) (   8,    7) (   8,    7) (   7,    8) (   7,    7)
          (   8,    7) (   6,    8) (   8,    8) (   8,    8) (   8,    8) (   8,    7) (   6,    8) (   8,    7) (   5,    8) (   7,    7)
          (   7,    7) (   7,    7) (   5,    8) (   6,    8) (   6,    8) (   7,    6) (   7,    7) (   8,    6) (   8,    7) (   7,    6)
          (   5,    8) (   7,    7) (   7,    8) (   8,    8) (   8,    8) (   8,    8) (   6,    7) (   6,    7) (   7,    8) (   8,    5)
          (   8,    8) (   8,    8) (   7,    7) (   8,    5) (   8,    8) (   7,    7) (   8,    8) (   8,    6) (   8,    8) (   8,    8)
          (   7,    6) (   8,    7) (   8,    8) (   5,    7) (   7,    7) (   8,    7) (   8,    7) (   6,    6) (   8,    7) (   7,    8)
          (   7,    8) (   8,    7) (   8,    6) (   8,    7) (   7,    7) (   8,    7) (   8,    7) (   7,    8) (   7,    8) (   5,    8)
          (   7,    8) (   7,    8) (   8,    8) (   7,    7) (   6,    7) (   6,    7) (   7,    8) (   7,    7) (   8,    7) (   7,    5)
          (   7,    7) (   7,    7) (   7,    7) (   7,    8) (   7,    7) (   7,    7) (   8,    8) (   7,    6) (   8,    7) (   7,    8)
          (   8,    7) (   7,    8) (   7,    8) (   8,    7) (   6,    8) (   7,    8) (   8,    5) (   7,    7) (   6,    7) (   8,    8)
          (   8,    8) (   5,    8) (   8,    6) (   7,    6) (   8,    8) (   7,    8) (   7,    7) (   8,    5) (   7,    8) (   6,    6)
          (   7,    7) (   7,    7) (   7,    6) (   8,    8) (   6,    7) (   7,    6) (   7,    7) (   7,    7) (   7,    7) (   8,    8)
          (   6,    8) (   8,    8) (   5,    8) (   7,    8) (   8,    6) (   7,    6) (   7,    4) (   7,    7) (   8,    7) (   7,    8)
          (   7,    8) (   7,    8) (   7,    4) (   7,    6) (   8,    8) (   7,    8) (   7,    8) (   8,    7) (   8,    8) (   6,    7)
          (   7,    6) (   8,    8) (   7,    8) (   6,    6) (   6,    7) (   7,    8) (   8,    7) (   8,    8) (   7,    7) (   8,    8)
          (   8,    5) (   8,    8) (   7,    7) (   6,    8) (   7,    7) (   6,    6) (   8,    8) (   8,    8) (   6,    8) (   7,    7)
          (   8,    8) (   8,    8) (   8,    8) (   8,    8) (   8,    8) (   8,    8) (   8,    8) (   8,    8) (   8,    8) (   8,    8)
          (   8,    8) (   8,    8) (   8,    8) (   8,    8) (   8,    8) (   8,    8) (   8,    8) (   8,    8) (   8,    8) (   8,    8)
          (   8,    8) (   8,    8) (   8,    8) (   8,    8) (   8,    8) (   8,    8) (   8,    8) (   8,    8) (   8,    8) (   8,    8)
          (   8,    8) (   8,    8) (   8,    8) (   8,    8) (   8,    8) (   8,    8) (   8,    8) (   8,    8) (   8,    8) (   8,    8)
          (   8,    8) (   8,    8) (   8,    8) (   8,    8) (   8,    8) (   8,    8) (   8,    8) (   8,    8) (   8,    8) (   8,    8)
          (   8,    8) (   8,    8) (   8,    8) (   8,    8) (   8,    8) (   8,    8) (   8,    8) (   8,    8) (   8,    8) (   8,    8)
          (   8,    8) (   8,    8) (   8,    8) (   8,    8) (   8,    8) (   8,    8) (   8,    8) (   8,    8) (   8,    8) (   8,    8)
          (   8,    8) (   8,    8) (   8,    8) (   8,    8) (   8,    8) (   8,    8) (   8,    8) (   8,    8) (   8,    8) (   8,    8)
          (   8,    8) (   8,    8) (   8,    8) (   8,    8) (   8,    8) (   8,    8) (   8,    8) (   8,    8) (   8,    8) (   8,    8)
          (   8,    8) (   8,    8) (   8,    8) (   8,    8) (   8,    8) (   8,    8) (   8,    8) (   8,    8) (   8,    8) (   8,    8)
          (   8,    8) (   8,    8) (   8,    8) (   8,    8) (   8,    8) (   8,    8) (   8,    8) (   8,    8) (   8,    8) (   8,    8)
          (   8,    8) (   8,    8) (   8,    8) (   8,    8) (   8,    8) (   8,    8) (   8,    8) (   8,    8) (   8,    8) (   8,    8)
          (   8,    8) (   8,    8) (   8,    8) (   8,    8) (   8,    8) (   8,    8) (   8,    8) (   8,    8) (   8,    8) (   8,    8)
          (   8,    8) (   8,    8) (   8,    8) (   8,    8) (   8,    8) (   8,    8) (   8,    8) (   8,    8) (   8,    8) (   8,    8)
          (   8,    8) (   8,    8) (   8,    8) (   8,    8) (   8,    8) (   8,    8) (   8,    8) (   8,    8) (   8,    8) (   8,    8)
          (   8,    8) (   8,    8) (   8,    8) (   8,    8) (   8,    8) (   8,    8) (   8,    8) (   8,    8) (   8,    8) (   8,    8)
          (   8,    8) (   8,    8) (   8,    8) (   8,    8) (   8,    8) (   8,    8) (   8,    8) (   8,    8) (   8,    8) (   8,    8)
          (   8,    8) (   8,    8) (   8,    8) (   8,    8) (   8,    8) (   8,    8) (   8,    8) (   8,    8) (   8,    8) (   8,    8)
          (   8,    8) (   8,    8) (   8,    8) (   8,    8) (   8,    8) (   8,    8) (   8,    8) (   8,    8) (   8,    8) (   8,    8)
          (   8,    8) (   8,    8) (   8,    8) (   8,    8) (   8,    8) (   8,    8) (   8,    8) (   8,    8) (   8,    8) (   8,    8)
          (   8,    8) (   8,    8) (   8,    8) (   8,    8) (   8,    8) (   8,    8) (   8,    8) (   8,    8) (   8,    8) (   8,    8)
          (   8,    8) (   8,    8) (   8,    8) (   8,    8) (   8,    8) (   8,    8) (   8,    8) (   8,    8) (   8,    8) (   8,    8)
          (   8,    8) (   8,    8) (   8,    8) (   8,    8) (   8,    8) (   8,    8) (   8,    8) (   8,    8) (   8,    8) (   8,    8)
          (   8,    8) (   8,    8) (   8,    8) (   8,    8) (   8,    8) (   8,    8) (   8,    8) (   8,    8) (   8,    8) (   8,    8)
          (   8,    8) (   8,    8) (   8,    8) (   8,    8) (   8,    8) (   8,    8) (   8,    8) (   8,    8) (   8,    8) (   8,    8)
          (   8,    8) (   8,    8) (   8,    8) (   8,    8) (   8,    8) (   8,    8) (   8,    8) (   8,    8) (   8,    8) (   8,    8)
          (   8,    8) (   8,    8) (   8,    8) (   8,    8) (   8,    8) (   8,    8) (   8,    8) (   8,    8) (   8,    8) (   8,    8)
          (   8,    8) (   8,    8) (   8,    8) (   8,    8) (   8,    8) (   8,    8) (   8,    8) (   8,    8) (   8,    8) (   8,    8)
          (   8,    8) (   8,    8) (   8,    8) (   8,    8) (   8,    8) (   8,    8) (   8,    8) (   8,    8) (   8,    8) (   8,    8)
          (   8,    8) (   8,    8) (   8,    8) (   8,    8) (   8,    8) (   8,    8) (   8,    8) (   8,    8) (   8,    8) (   8,    8)
          (   8,    8) (   8,    8) (   8,    8) (   8,    8) (   8,    8) (   8,    8) (   8,    8) (   8,    8) (   8,    8) (   8,    8)
          (   8,    8) (   8,    8) (   8,    8) (   8,    8) (   8,    8) (   8,    8) (   8,    8) (   8,    8) (   8,    8) (   8,    8)
          (   8,    8) (   8,    8) (   8,    8) (   8,    8) (   8,    8) (   8,    8) (   8,    8) (   8,    8) (   8,    8) (   8,    8)
          (   8,    8) (   8,    8) (   8,    8) (   8,    8) (   8,    8) (   8,    8) (   8,    8) (   8,    8) (   8,    8) (   8,    8)
          (   8,    8) (   8,    8) (   8,    8) (   8,    8) (   8,    8) (   8,    8) (   8,    8) (   8,    8) (   8,    8) (   8,    8)
          (   8,    8) (   8,    8) (   8,    8) (   8,    8) (   8,    8) (   8,    8) (   8,    8) (   8,    8) (   8,    8) (   8,    8)
          (   8,    8) (   8,    8) (   8,    8) (   8,    8) (   8,    8) (   8,    8) (   8,    8) (   8,    8) (   8,    8) (   8,    8)
          (   8,    8) (   8,    8) (   8,    8) (   8,    8) (   8,    8) (   8,    8) (   8,    8) (   8,    8) (   8,    8) (   8,    8)
          (   8,    8) (   8,    8) (   8,    8) (   8,    8) (   8,    8) (   8,    8) (   8,    8) (   8,    8) (   8,    8) (   8,    8)
          (   8,    8) (   8,    8) (   8,    8) (   8,    8) (   8,    8) (   8,    8) (   8,    8) (   8,    8) (   8,    8) (   8,    8)
         
node   6 sent_total   5357  recv_total   5394

node   7  (   0,    0) (   1,    0) (   0,    0) (   7,    2) (   8,    7) (   8,    8) (   8,    9) (   8,    8) (   8,    9) (   8,    6)
          (   8,    9) (   8,    9) (   8,    9) (   8,    8) (   8,    8) (   8,    8) (   8,    9) (   8,    8) (   8,    9) (   8,    5)
          (   8,    6) (   8,    8) (   8,    8) (   8,    9) (   8,    9) (   8,    7) (   8,    8) (   8,    6) (   8,    9) (   8,    9)
          (   8,    9) (   8,    8) (   8,    9) (   8,    9) (   8,    8) (   8,    7) (   8,    7) (   8,    9) (   8,    8) (   8,    9)
          (   8,    9) (   8,    8) (   8,    7) (   8,    6) (   8,    8) (   8,    8) (   8,    7) (   8,    7) (   8,    9) (   8,    8)
          (   8,    8) (   8,    8) (   7,    6) (   7,    8) (   6,    6) (   8,    6) (   7,    8) (   7,    8) (   8,    8) (   6,    8)
          (   8,    7) (   7,    9) (   7,    8) (   8,    7) (   6,    8) (   7,    6) (   6,    5) (   8,    6) (   8,    8) (   8,    7)
          (   5,    8) (   7,    5) (   8,    8) (   7,    7) (   8,    7) (   5,    8) (   6,    7) (   7,    8) (   6,    6) (   8,    7)
          (   8,    7) (   8,    5) (   7,    6) (   8,    9) (   6,    7) (   8,    8) (   8,    8) (   8,    8) (   8,    7) (   7,    7)
          (   8,    7) (   8,    6) (   7,    6) (   8,    6) (   8,    8) (   6,    7) (   7,    8) (   8,    9) (   7,    7) (   8,    9)
          (   7,    5) (   7,    5) (   5,    6) (   8,    8) (   8,    7) (   7,    6) (   7,    7) (   7,    5) (   7,    8) (   8,    7)
          (   6,    6) (   7,    5) (   8,    6) (   8,    7) (   8,    8) (   8,    7) (   8,    8) (   8,    8) (   8,    8) (   8,    8)
          (   8,    8) (   8,    8) (   6,    8) (   7,    8) (   8,    5) (   7,    8) (   7,    8) (   7,    4) (   7,    8) (   8,    7)
          (   6,    8) (   7,    7) (   8,    7) (   7,    8) (   6,    7) (   6,    7) (   7,    7) (   6,    8) (   7,    7) (   8,    8)
          (   7,    7) (   8,    7) (   7,    6) (   5,    7) (   8,    6) (   8,    8) (   8,    7) (   8,    7) (   8,    8) (   7,    8)
          (   8,    8) (   8,    6) (   7,    8) (   5,    6) (   7,    8) (   6,    8) (   8,    8) (   8,    7) (   7,    7) (   8,    8)
          (   8,    6) (   8,    8) (   7,    5) (   8,    8) (   7,    8) (   7,    6) (   6,    7) (   7,    6) (   7,    6) (   8,    8)
          (   8,    8) (   7,    5) (   8,    5) (   8,    8) (   8,    5) (   7,    8) (   7,    7) (   8,    7) (   6,    6) (   7,    7)
          (   7,    8) (   8,    6) (   6,    8) (   8,    7) (   8,    8) (   7,    8) (   7,    7) (   8,    7) (   8,    8) (   8,    8)
          (   8,    7) (   8,    6) (   8,    8) (   7,    7) (   8,    8) (   8,    6) (   7,    7) (   7,    8) (   7,    7) (   7,    8)
          (   8,    7) (   5,    8) (   6,    7) (   8,    7) (   8,    6) (   7,    7) (   8,    8) (   7,    8) (   8,    7) (   8,    8)
          (   5,    5) (   8,    6) (   7,    6) (   8,    8) (   6,    8) (   7,    8) (   5,    8) (   7,    7) (   6,    8) (   8,    8)
          (   8,    8) (   8,    6) (   6,    8) (   6,    8) (   8,    6) (   6,    8) (   8,    8) (   6,    7) (   7,    8) (   8,    7)
          (   6,    8) (   7,    8) (   8,    7) (   8,    6) (   8,    7) (   5,    6) (   7,    6) (   7,    7) (   7,    8) (   8,    8)
          (   8,    8) (   7,    8) (   8,    7) (   8,    8) (   8,    5) (   8,    8) (   7,    8) (   8,    7) (   7,    7) (   6,    8)
          (   7,    7) (   6,    7) (   8,    7) (   8,    8) (   8,    8) (   8,    6) (   8,    7) (   6,    6) (   6,    7) (   7,    6)
          (   7,    7) (   8,    7) (   8,    8) (   7,    8) (   8,    6) (   4,    6) (   8,    7) (   8,    8) (   7,    5) (   8,    5)
          (   8,    7) (   8,    8) (   5,    7) (   8,    8) (   8,    8) (   5,    8) (   8,    8) (   6,    7) (   7,    7) (   6,    8)
          (   7,    8) (   8,    8) (   7,    7) (   8,    8) (   7,    7) (   8,    7) (   8,    6) (   8,    6) (   8,    7) (   8,    6)
          (   8,    8) (   8,    7) (   7,    5) (   5,    6) (   7,    7) (   8,    6) (   7,    8) (   7,    8) (   6,    7) (   7,    8)
          (   6,    7) (   8,    8) (   8,    8) (   8,    8) (   8,    8) (   8,    8) (   8,    8) (   8,    8) (   8,    8) (   8,    8)
          (   8,    8) (   8,    8) (   8,    8) (   8,    8) (   8,    8) (   8,    8) (   8,    8) (   8,    8) (   8,    8) (   8,    8)
          (   8,    8) (   8,    8) (   8,    8) (   8,    8) (   8,    8) (   8,    8) (   8,    8) (   8,    8) (   8,    8) (   8,    8)
          (   8,    8) (   8,    8) (   8,    8) (   8,    8) (   8,    8) (   8,    8) (   8,    8) (   8,    8) (   8,    8) (   8,    8)
          (   8,    8) (   8,    8) (   8,    8) (   8,    8) (   8,    8) (   8,    8) (   8,    8) (   8,    8) (   8,    8) (   8,    8)
          (   8,    8) (   8,    8) (   8,    8) (   8,    8) (   8,    8) (   8,    8) (   8,    8) (   8,    8) (   8,    8) (   8,    8)
          (   8,    8) (   8,    8) (   8,    8) (   8,    8) (   8,    8) (   8,    8) (   8,    8) (   8,    8) (   8,    8) (   8,    8)
          (   8,    8) (   8,    8) (   8,    8) (   8,    8) (   8,    8) (   8,    8) (   8,    8) (   8,    8) (   8,    8) (   8,    8)
          (   8,    8) (   8,    8) (   8,    8) (   8,    8) (   8,    8) (   8,    8) (   8,    8) (   8,    8) (   8,    8) (   8,    8)
          (   8,    8) (   8,    8) (   8,    8) (   8,    8) (   8,    8) (   8,    8) (   8,    8) (   8,    8) (   8,    8) (   8,    8)
          (   8,    8) (   8,    8) (   8,    8) (   8,    8) (   8,    8) (   8,    8) (   8,    8) (   8,    8) (   8,    8) (   8,    8)
          (   8,    8) (   8,    8) (   8,    8) (   8,    8) (   8,    8) (   8,    8) (   8,    8) (   8,    8) (   8,    8) (   8,    8)
          (   8,    8) (   8,    8) (   8,    8) (   8,    8) (   8,    8) (   8,    8) (   8,    8) (   8,    8) (   8,    8) (   8,    8)
          (   8,    8) (   8,    8) (   8,    8) (   8,    8) (   8,    8) (   8,    8) (   8,    8) (   8,    8) (   8,    8) (   8,    8)
          (   8,    8) (   8,    8) (   8,    8) (   8,    8) (   8,    8) (   8,    8) (   8,    8) (   8,    8) (   8,    8) (   8,    8)
          (   8,    8) (   8,    8) (   8,    8) (   8,    8) (   8,    8) (   8,    8) (   8,    8) (   8,    8) (   8,    8) (   8,    8)
          (   8,    8) (   8,    8) (   8,    8) (   8,    8) (   8,    8) (   8,    8) (   8,    8) (   8,    8) (   8,    8) (   8,    8)
          (   8,    8) (   8,    8) (   8,    8) (   8,    8) (   8,    8) (   8,    8) (   8,    8) (   8,    8) (   8,    8) (   8,    8)
          (   8,    8) (   8,    8) (   8,    8) (   8,    8) (   8,    8) (   8,    8) (   8,    8) (   8,    8) (   8,    8) (   8,    8)
          (   8,    8) (   8,    8) (   8,    8) (   8,    8) (   8,    8) (   8,    8) (   8,    8) (   8,    8) (   8,    8) (   8,    8)
          (   8,    8) (   8,    8) (   8,    8) (   8,    8) (   8,    8) (   8,    8) (   8,    8) (   8,    8) (   8,    8) (   8,    8)
          (   8,    8) (   8,    8) (   8,    8) (   8,    8) (   8,    8) (   8,    8) (   8,    8) (   8,    8) (   8,    8) (   8,    8)
          (   8,    8) (   8,    8) (   8,    8) (   8,    8) (   8,    8) (   8,    8) (   8,    8) (   8,    8) (   8,    8) (   8,    8)
          (   8,    8) (   8,    8) (   8,    8) (   8,    8) (   8,    8) (   8,    8) (   8,    8) (   8,    8) (   8,    8) (   8,    8)
          (   8,    8) (   8,    8) (   8,    8) (   8,    8) (   8,    8) (   8,    8) (   8,    8) (   8,    8) (   8,    8) (   8,    8)
          (   8,    8) (   8,    8) (   8,    8) (   8,    8) (   8,    8) (   8,    8) (   8,    8) (   8,    8) (   8,    8) (   8,    8)
          (   8,    8) (   8,    8) (   8,    8) (   8,    8) (   8,    8) (   8,    8) (   8,    8) (   8,    8) (   8,    8) (   8,    8)
          (   8,    8) (   8,    8) (   8,    8) (   8,    8) (   8,    8) (   8,    8) (   8,    8) (   8,    8) (   8,    8) (   8,    8)
          (   8,    8) (   8,    8) (   8,    8) (   8,    8) (   8,    8) (   8,    8) (   8,    8) (   8,    8) (   8,    8) (   8,    8)
          (   8,    8) (   8,    8) (   8,    8) (   8,    8) (   8,    8) (   8,    8) (   8,    8) (   8,    8) (   8,    8) (   8,    8)
          (   8,    8) (   8,    8) (   8,    8) (   8,    8) (   8,    8) (   8,    8) (   8,    8) (   8,    8) (   8,    8) (   8,    8)
          (   8,    8) (   8,    8) (   8,    8) (   8,    8) (   8,    8) (   8,    8) (   8,    8) (   8,    8) (   8,    8) (   8,    8)
          (   8,    8) (   8,    8) (   8,    8) (   8,    8) (   8,    8) (   8,    8) (   8,    8) (   8,    8) (   8,    8) (   8,    8)
          (   8,    8) (   8,    8) (   8,    8) (   8,    8) (   8,    8) (   8,    8) (   8,    8) (   8,    8) (   8,    8) (   8,    8)
          (   8,    8) (   8,    8) (   8,    8) (   8,    8) (   8,    8) (   8,    8) (   8,    8) (   8,    8) (   8,    8) (   8,    8)
          (   8,    8) (   8,    8) (   8,    8) (   8,    8) (   8,    8) (   8,    8) (   8,    8) (   8,    8) (   8,    8) (   8,    8)
          (   8,    8) (   8,    8) (   8,    8) (   8,    8) (   8,    8) (   8,    8) (   8,    8) (   8,    8) (   8,    8) (   8,    8)
          (   8,    8) (   8,    8) (   8,    8) (   8,    8) (   8,    8) (   8,    8) (   8,    8) (   8,    8) (   8,    8) (   8,    8)
          (   8,    8) (   8,    8) (   8,    8) (   8,    8) (   8,    8) (   8,    8) (   8,    8) (   8,    8) (   8,    8) (   8,    8)
          (   8,    8) (   8,    8) (   8,    8) (   8,    8) (   8,    8) (   8,    8) (   8,    8) (   8,    8) (   8,    8) (   8,    8)
         
node   7 sent_total   5387  recv_total   5353

node   8  (   0,    0) (   1,    0) (   0,    0) (   7,    2) (   8,    7) (   8,    9) (   8,    8) (   8,    8) (   8,    6) (   8,    7)
          (   8,    8) (   8,    8) (   8,    6) (   8,    6) (   8,    9) (   8,    6) (   8,    7) (   8,    6) (   8,    8) (   8,    8)
          (   8,    9) (   8,    8) (   8,    8) (   8,    9) (   8,    5) (   8,    8) (   8,    8) (   8,    8) (   8,    6) (   8,    7)
          (   8,    9) (   8,    7) (   8,    6) (   8,    5) (   8,    6) (   8,    7) (   8,    9) (   8,    8) (   8,    7) (   8,    9)
          (   8,    9) (   8,    9) (   8,    7) (   8,    8) (   8,    9) (   8,    9) (   8,    9) (   8,    7) (   8,    8) (   8,    7)
          (   8,    8) (   8,    8) (   7,    6) (   6,    8) (   6,    6) (   8,    5) (   7,    9) (   7,    7) (   8,    8) (   8,    5)
          (   8,    7) (   7,    7) (   8,    7) (   8,    7) (   7,    8) (   7,    7) (   8,    5) (   7,    7) (   6,    5) (   7,    8)
          (   8,    8) (   7,    8) (   8,    7) (   7,    7) (   8,    8) (   7,    8) (   7,    8) (   8,    8) (   8,    7) (   6,    6)
          (   7,    8) (   8,    8) (   7,    9) (   4,    7) (   7,    8) (   8,    6) (   7,    9) (   7,    8) (   8,    8) (   8,    8)
          (   8,    9) (   7,    9) (   8,    9) (   6,    7) (   8,    9) (   8,    5) (   8,    9) (   6,    7) (   8,    8) (   7,    9)
          (   7,    6) (   7,    7) (   6,    6) (   8,    6) (   6,    4) (   7,    8) (   7,    6) (   8,    6) (   8,    6) (   7,    6)
          (   7,    7) (   8,    7) (   6,    7) (   8,    7) (   6,    8) (   8,    8) (   8,    7) (   7,    8) (   8,    7) (   8,    8)
          (   8,    7) (   8,    6) (   7,    7) (   6,    8) (   7,    7) (   8,    6) (   6,    6) (   8,    7) (   8,    7) (   7,    8)
          (   6,    8) (   8,    8) (   8,    8) (   8,    6) (   5,    6) (   7,    6) (   8,    7) (   8,    6) (   7,    7) (   7,    5)
          (   8,    8) (   8,    8) (   7,    7) (   8,    8) (   8,    7) (   8,    8) (   7,    7) (   7,    8) (   8,    7) (   8,    8)
          (   8,    7) (   7,    7) (   7,    8) (   6,    7) (   7,    7) (   8,    7) (   8,    7) (   7,    7) (   5,    7) (   8,    8)
          (   6,    8) (   6,    8) (   8,    7) (   6,    6) (   6,    7) (   5,    7) (   6,    7) (   7,    8) (   8,    7) (   8,    5)
          (   8,    7) (   8,    7) (   8,    8) (   8,    8) (   5,    6) (   8,    8) (   8,    7) (   7,    7) (   7,    7) (   7,    8)
          (   6,    8) (   8,    6) (   7,    8) (   7,    6) (   7,    6) (   5,    8) (   6,    8) (   7,    7) (   7,    8) (   7,    8)
          (   7,    8) (   8,    6) (   8,    8) (   7,    7) (   7,    6) (   8,    7) (   8,    6) (   8,    8) (   8,    8) (   8,    8)
          (   7,    8) (   8,    6) (   7,    5) (   7,    6) (   7,    8) (   8,    7) (   7,    8) (   6,    8) (   8,    6) (   8,    8)
          (   7,    6) (   7,    7) (   7,    8) (   7,    8) (   6,    8) (   8,    8) (   7,    8) (   7,    7) (   7,    7) (   8,    7)
          (   7,    8) (   6,    8) (   8,    7) (   7,    7) (   7,    7) (   7,    7) (   6,    8) (   8,    8) (   8,    7) (   6,    8)
          (   5,    8) (   7,    8) (   7,    8) (   8,    6) (   6,    8) (   7,    6) (   5,    6) (   8,    8) (   7,    8) (   8,    5)
          (   8,    8) (   7,    6) (   7,    7) (   6,    5) (   6,    8) (   7,    7) (   8,    7) (   8,    8) (   7,    7) (   8,    7)
          (   7,    8) (   7,    8) (   7,    7) (   8,    8) (   7,    8) (   6,    7) (   7,    6) (   8,    8) (   5,    8) (   7,    7)
          (   8,    8) (   8,    7) (   8,    8) (   7,    7) (   6,    5) (   8,    8) (   8,    6) (   8,    8) (   7,    8) (   8,    8)
          (   7,    8) (   7,    7) (   7,    8) (   8,    8) (   8,    7) (   8,    7) (   6,    8) (   8,    8) (   8,    6) (   7,    8)
          (   8,    7) (   8,    8) (   8,    6) (   7,    5) (   8,    8) (   7,    7) (   8,    6) (   7,    8) (   7,    8) (   7,    8)
          (   8,    8) (   7,    7) (   8,    7) (   7,    8) (   6,    5) (   8,    7) (   7,    4) (   7,    8) (   7,    7) (   7,    8)
          (   8,    6) (   8,    8) (   8,    8) (   8,    8) (   8,    8) (   8,    8) (   8,    8) (   8,    8) (   8,    8) (   8,    8)
          (   8,    8) (   8,    8) (   8,    8) (   8,    8) (   8,    8) (   8,    8) (   8,    8) (   8,    8) (   8,    8) (   8,    8)
          (   8,    8) (   8,    8) (   8,    8) (   8,    8) (   8,    8) (   8,    8) (   8,    8) (   8,    8) (   8,    8) (   8,    8)
          (   8,    8) (   8,    8) (   8,    8) (   8,    8) (   8,    8) (   8,    8) (   8,    8) (   8,    8) (   8,    8) (   8,    8)
          (   8,    8) (   8,    8) (   8,    8) (   8,    8) (   8,    8) (   8,    8) (   8,    8) (   8,    8) (   8,    8) (   8,    8)
          (   8,    8) (   8,    8) (   8,    8) (   8,    8) (   8,    8) (   8,    8) (   8,    8) (   8,    8) (   8,    8) (   8,    8)
          (   8,    8) (   8,    8) (   8,    8) (   8,    8) (   8,    8) (   8,    8) (   8,    8) (   8,    8) (   8,    8) (   8,    8)
          (   8,    8) (   8,    8) (   8,    8) (   8,    8) (   8,    8) (   8,    8) (   8,    8) (   8,    8) (   8,    8) (   8,    8)
          (   8,    8) (   8,    8) (   8,    8) (   8,    8) (   8,    8) (   8,    8) (   8,    8) (   8,    8) (   8,    8) (   8,    8)
          (   8,    8) (   8,    8) (   8,    8) (   8,    8) (   8,    8) (   8,    8) (   8,    8) (   8,    8) (   8,    8) (   8,    8)
          (   8,    8) (   8,    8) (   8,    8) (   8,    8) (   8,    8) (   8,    8) (   8,    8) (   8,    8) (   8,    8) (   8,    8)
          (   8,    8) (   8,    8) (   8,    8) (   8,    8) (   8,    8) (   8,    8) (   8,    8) (   8,    8) (   8,    8) (   8,    8)
          (   8,    8) (   8,    8) (   8,    8) (   8,    8) (   8,    8) (   8,    8) (   8,    8) (   8,    8) (   8,    8) (   8,    8)
          (   8,    8) (   8,    8) (   8,    8) (   8,    8) (   8,    8) (   8,    8) (   8,    8) (   8,    8) (   8,    8) (   8,    8)
          (   8,    8) (   8,    8) (   8,    8) (   8,    8) (   8,    8) (   8,    8) (   8,    8) (   8,    8) (   8,    8) (   8,    8)
          (   8,    8) (   8,    8) (   8,    8) (   8,    8) (   8,    8) (   8,    8) (   8,    8) (   8,    8) (   8,    8) (   8,    8)
          (   8,    8) (   8,    8) (   8,    8) (   8,    8) (   8,    8) (   8,    8) (   8,    8) (   8,    8) (   8,    8) (   8,    8)
          (   8,    8) (   8,    8) (   8,    8) (   8,    8) (   8,    8) (   8,    8) (   8,    8) (   8,    8) (   8,    8) (   8,    8)
          (   8,    8) (   8,    8) (   8,    8) (   8,    8) (   8,    8) (   8,    8) (   8,    8) (   8,    8) (   8,    8) (   8,    8)
          (   8,    8) (   8,    8) (   8,    8) (   8,    8) (   8,    8) (   8,    8) (   8,    8) (   8,    8) (   8,    8) (   8,    8)
          (   8,    8) (   8,    8) (   8,    8) (   8,    8) (   8,    8) (   8,    8) (   8,    8) (   8,    8) (   8,    8) (   8,    8)
          (   8,    8) (   8,    8) (   8,    8) (   8,    8) (   8,    8) (   8,    8) (   8,    8) (   8,    8) (   8,    8) (   8,    8)
          (   8,    8) (   8,    8) (   8,    8) (   8,    8) (   8,    8) (   8,    8) (   8,    8) (   8,    8) (   8,    8) (   8,    8)
          (   8,    8) (   8,    8) (   8,    8) (   8,    8) (   8,    8) (   8,    8) (   8,    8) (   8,    8) (   8,    8) (   8,    8)
          (   8,    8) (   8,    8) (   8,    8) (   8,    8) (   8,    8) (   8,    8) (   8,    8) (   8,    8) (   8,    8) (   8,    8)
          (   8,    8) (   8,    8) (   8,    8) (   8,    8) (   8,    8) (   8,    8) (   8,    8) (   8,    8) (   8,    8) (   8,    8)
          (   8,    8) (   8,    8) (   8,    8) (   8,    8) (   8,    8) (   8,    8) (   8,    8) (   8,    8) (   8,    8) (   8,    8)
          (   8,    8) (   8,    8) (   8,    8) (   8,    8) (   8,    8) (   8,    8) (   8,    8) (   8,    8) (   8,    8) (   8,    8)
          (   8,    8) (   8,    8) (   8,    8) (   8,    8) (   8,    8) (   8,    8) (   8,    8) (   8,    8) (   8,    8) (   8,    8)
          (   8,    8) (   8,    8) (   8,    8) (   8,    8) (   8,    8) (   8,    8) (   8,    8) (   8,    8) (   8,    8) (   8,    8)
          (   8,    8) (   8,    8) (   8,    8) (   8,    8) (   8,    8) (   8,    8) (   8,    8) (   8,    8) (   8,    8) (   8,    8)
          (   8,    8) (   8,    8) (   8,    8) (   8,    8) (   8,    8) (   8,    8) (   8,    8) (   8,    8) (   8,    8) (   8,    8)
          (   8,    8) (   8,    8) (   8,    8) (   8,    8) (   8,    8) (   8,    8) (   8,    8) (   8,    8) (   8,    8) (   8,    8)
          (   8,    8) (   8,    8) (   8,    8) (   8,    8) (   8,    8) (   8,    8) (   8,    8) (   8,    8) (   8,    8) (   8,    8)
          (   8,    8) (   8,    8) (   8,    8) (   8,    8) (   8,    8) (   8,    8) (   8,    8) (   8,    8) (   8,    8) (   8,    8)
          (   8,    8) (   8,    8) (   8,    8) (   8,    8) (   8,    8) (   8,    8) (   8,    8) (   8,    8) (   8,    8) (   8,    8)
          (   8,    8) (   8,    8) (   8,    8) (   8,    8) (   8,    8) (   8,    8) (   8,    8) (   8,    8) (   8,    8) (   8,    8)
          (   8,    8) (   8,    8) (   8,    8) (   8,    8) (   8,    8) (   8,    8) (   8,    8) (   8,    8) (   8,    8) (   8,    8)
          (   8,    8) (   8,    8) (   8,    8) (   8,    8) (   8,    8) (   8,    8) (   8,    8) (   8,    8) (   8,    8) (   8,    8)
          (   8,    8) (   8,    8) (   8,    8) (   8,    8) (   8,    8) (   8,    8) (   8,    8) (   8,    8) (   8,    8) (   8,    8)
         
node   8 sent_total   5383  recv_total   5351

node   9  (   0,    0) (   0,    0) (   1,    0) (   0,    0) (   8,    2) (   8,    7) (   8,    8) (   8,    9) (   8,    6) (   8,    8)
          (   8,    9) (   8,    6) (   8,    7) (   8,    9) (   8,    6) (   8,    6) (   8,    8) (   8,    9) (   8,    8) (   8,    9)
          (   8,    7) (   8,    9) (   8,    7) (   8,    9) (   8,    8) (   8,    8) (   8,    6) (   8,    8) (   8,    8) (   8,    7)
          (   8,    8) (   8,    8) (   8,    9) (   8,    8) (   8,    8) (   8,    9) (   8,    9) (   8,    7) (   8,    9) (   8,    8)
          (   8,    8) (   8,    8) (   8,    9) (   8,    9) (   8,    8) (   8,    9) (   8,    9) (   8,    8) (   8,    8) (   8,    8)
          (   8,    7) (   6,    8) (   8,    6) (   8,    6) (   6,    6) (   6,    6) (   7,    4) (   7,    8) (   8,    9) (   7,    7)
          (   8,    8) (   8,    6) (   8,    7) (   7,    7) (   8,    8) (   7,    7) (   7,    8) (   8,    5) (   7,    8) (   6,    6)
          (   7,    8) (   8,    7) (   6,    6) (   7,    5) (   8,    5) (   8,    6) (   7,    8) (   8,    8) (   7,    7) (   8,    5)
          (   8,    8) (   7,    4) (   8,    6) (   7,    7) (   7,    8) (   7,    6) (   8,    8) (   6,    8) (   7,    7) (   8,    6)
          (   8,    7) (   7,    8) (   6,    7) (   7,    6) (   8,    7) (   7,    7) (   6,    8) (   7,    7) (   7,    7) (   6,    7)
          (   7,    5) (   6,    6) (   8,    7) (   8,    8) (   8,    7) (   8,    7) (   6,    8) (   8,    7) (   7,    4) (   6,    6)
          (   6,    7) (   7,    5) (   7,    6) (   8,    5) (   7,    7) (   8,    7) (   8,    7) (   7,    7) (   7,    7) (   5,    8)
          (   7,    8) (   8,    7) (   6,    8) (   7,    8) (   6,    8) (   6,    7) (   7,    8) (   8,    6) (   7,    6) (   6,    7)
          (   8,    7) (   8,    6) (   8,    7) (   8,    7) (   8,    7) (   7,    7) (   6,    7) (   6,    8) (   8,    8) (   7,    6)
          (   5,    7) (   8,    8) (   6,    7) (   7,    8) (   7,    7) (   8,    7) (   7,    8) (   8,    7) (   8,    6) (   8,    7)
          (   7,    7) (   6,    7) (   7,    7) (   7,    8) (   7,    6) (   7,    6) (   5,    7) (   7,    7) (   8,    6) (   8,    5)
          (   8,    8) (   8,    7) (   6,    8) (   7,    7) (   7,    8) (   8,    7) (   6,    7) (   7,    7) (   8,    8) (   7,    7)
          (   7,    7) (   7,    7) (   7,    8) (   7,    8) (   5,    7) (   7,    7) (   6,    7) (   5,    8) (   8,    8) (   7,    6)
          (   7,    8) (   7,    7) (   7,    8) (   5,    8) (   7,    7) (   8,    8) (   7,    8) (   7,    8) (   7,    8) (   7,    8)
          (   7,    7) (   8,    7) (   7,    7) (   8,    7) (   6,    8) (   7,    7) (   8,    8) (   7,    8) (   7,    7) (   7,    8)
          (   8,    8) (   7,    8) (   8,    8) (   8,    8) (   6,    6) (   8,    8) (   8,    8) (   8,    6) (   8,    6) (   6,    7)
          (   8,    7) (   8,    6) (   8,    8) (   7,    5) (   7,    8) (   8,    6) (   7,    8) (   8,    8) (   5,    8) (   8,    8)
          (   7,    6) (   7,    6) (   8,    8) (   7,    8) (   7,    5) (   8,    6) (   7,    7) (   8,    8) (   8,    8) (   6,    7)
          (   7,    6) (   8,    7) (   8,    6) (   7,    6) (   7,    7) (   7,    7) (   7,    6) (   7,    7) (   8,    6) (   8,    7)
          (   7,    6) (   7,    7) (   6,    7) (   8,    7) (   6,    8) (   7,    6) (   6,    6) (   7,    8) (   7,    7) (   7,    7)
          (   7,    7) (   7,    8) (   8,    7) (   7,    8) (   8,    8) (   8,    7) (   6,    7) (   7,    6) (   7,    6) (   8,    5)
          (   8,    8) (   8,    8) (   8,    8) (   5,    7) (   7,    7) (   7,    7) (   7,    5) (   7,    8) (   8,    8) (   6,    8)
          (   8,    7) (   7,    6) (   7,    7) (   8,    7) (   7,    7) (   8,    6) (   7,    6) (   7,    6) (   8,    7) (   8,    8)
          (   8,    7) (   7,    7) (   8,    7) (   8,    7) (   8,    5) (   6,    7) (   7,    7) (   7,    8) (   8,    6) (   8,    7)
          (   8,    8) (   4,    8) (   6,    7) (   8,    7) (   8,    7) (   7,    8) (   7,    8) (   7,    7) (   7,    7) (   8,    6)
          (   7,    8) (   8,    7) (   8,    8) (   8,    8) (   8,    8) (   8,    8) (   8,    8) (   8,    8) (   8,    8) (   8,    8)
          (   8,    8) (   8,    8) (   8,    8) (   8,    8) (   8,    8) (   8,    8) (   8,    8) (   8,    8) (   8,    8) (   8,    8)
          (   8,    8) (   8,    8) (   8,    8) (   8,    8) (   8,    8) (   8,    8) (   8,    8) (   8,    8) (   8,    8) (   8,    8)
          (   8,    8) (   8,    8) (   8,    8) (   8,    8) (   8,    8) (   8,    8) (   8,    8) (   8,    8) (   8,    8) (   8,    8)
          (   8,    8) (   8,    8) (   8,    8) (   8,    8) (   8,    8) (   8,    8) (   8,    8) (   8,    8) (   8,    8) (   8,    8)
          (   8,    8) (   8,    8) (   8,    8) (   8,    8) (   8,    8) (   8,    8) (   8,    8) (   8,    8) (   8,    8) (   8,    8)
          (   8,    8) (   8,    8) (   8,    8) (   8,    8) (   8,    8) (   8,    8) (   8,    8) (   8,    8) (   8,    8) (   8,    8)
          (   8,    8) (   8,    8) (   8,    8) (   8,    8) (   8,    8) (   8,    8) (   8,    8) (   8,    8) (   8,    8) (   8,    8)
          (   8,    8) (   8,    8) (   8,    8) (   8,    8) (   8,    8) (   8,    8) (   8,    8) (   8,    8) (   8,    8) (   8,    8)
          (   8,    8) (   8,    8) (   8,    8) (   8,    8) (   8,    8) (   8,    8) (   8,    8) (   8,    8) (   8,    8) (   8,    8)
          (   8,    8) (   8,    8) (   8,    8) (   8,    8) (   8,    8) (   8,    8) (   8,    8) (   8,    8) (   8,    8) (   8,    8)
          (   8,    8) (   8,    8) (   8,    8) (   8,    8) (   8,    8) (   8,    8) (   8,    8) (   8,    8) (   8,    8) (   8,    8)
          (   8,    8) (   8,    8) (   8,    8) (   8,    8) (   8,    8) (   8,    8) (   8,    8) (   8,    8) (   8,    8) (   8,    8)
          (   8,    8) (   8,    8) (   8,    8) (   8,    8) (   8,    8) (   8,    8) (   8,    8) (   8,    8) (   8,    8) (   8,    8)
          (   8,    8) (   8,    8) (   8,    8) (   8,    8) (   8,    8) (   8,    8) (   8,    8) (   8,    8) (   8,    8) (   8,    8)
          (   8,    8) (   8,    8) (   8,    8) (   8,    8) (   8,    8) (   8,    8) (   8,    8) (   8,    8) (   8,    8) (   8,    8)
          (   8,    8) (   8,    8) (   8,    8) (   8,    8) (   8,    8) (   8,    8) (   8,    8) (   8,    8) (   8,    8) (   8,    8)
          (   8,    8) (   8,    8) (   8,    8) (   8,    8) (   8,    8) (   8,    8) (   8,    8) (   8,    8) (   8,    8) (   8,    8)
          (   8,    8) (   8,    8) (   8,    8) (   8,    8) (   8,    8) (   8,    8) (   8,    8) (   8,    8) (   8,    8) (   8,    8)
          (   8,    8) (   8,    8) (   8,    8) (   8,    8) (   8,    8) (   8,    8) (   8,    8) (   8,    8) (   8,    8) (   8,    8)
          (   8,    8) (   8,    8) (   8,    8) (   8,    8) (   8,    8) (   8,    8) (   8,    8) (   8,    8) (   8,    8) (   8,    8)
          (   8,    8) (   8,    8) (   8,    8) (   8,    8) (   8,    8) (   8,    8) (   8,    8) (   8,    8) (   8,    8) (   8,    8)
          (   8,    8) (   8,    8) (   8,    8) (   8,    8) (   8,    8) (   8,    8) (   8,    8) (   8,    8) (   8,    8) (   8,    8)
          (   8,    8) (   8,    8) (   8,    8) (   8,    8) (   8,    8) (   8,    8) (   8,    8) (   8,    8) (   8,    8) (   8,    8)
          (   8,    8) (   8,    8) (   8,    8) (   8,    8) (   8,    8) (   8,    8) (   8,    8) (   8,    8) (   8,    8) (   8,    8)
          (   8,    8) (   8,    8) (   8,    8) (   8,    8) (   8,    8) (   8,    8) (   8,    8) (   8,    8) (   8,    8) (   8,    8)
          (   8,    8) (   8,    8) (   8,    8) (   8,    8) (   8,    8) (   8,    8) (   8,    8) (   8,    8) (   8,    8) (   8,    8)
          (   8,    8) (   8,    8) (   8,    8) (   8,    8) (   8,    8) (   8,    8) (   8,    8) (   8,    8) (   8,    8) (   8,    8)
          (   8,    8) (   8,    8) (   8,    8) (   8,    8) (   8,    8) (   8,    8) (   8,    8) (   8,    8) (   8,    8) (   8,    8)
          (   8,    8) (   8,    8) (   8,    8) (   8,    8) (   8,    8) (   8,    8) (   8,    8) (   8,    8) (   8,    8) (   8,    8)
          (   8,    8) (   8,    8) (   8,    8) (   8,    8) (   8,    8) (   8,    8) (   8,    8) (   8,    8) (   8,    8) (   8,    8)
          (   8,    8) (   8,    8) (   8,    8) (   8,    8) (   8,    8) (   8,    8) (   8,    8) (   8,    8) (   8,    8) (   8,    8)
          (   8,    8) (   8,    8) (   8,    8) (   8,    8) (   8,    8) (   8,    8) (   8,    8) (   8,    8) (   8,    8) (   8,    8)
          (   8,    8) (   8,    8) (   8,    8) (   8,    8) (   8,    8) (   8,    8) (   8,    8) (   8,    8) (   8,    8) (   8,    8)
          (   8,    8) (   8,    8) (   8,    8) (   8,    8) (   8,    8) (   8,    8) (   8,    8) (   8,    8) (   8,    8) (   8,    8)
          (   8,    8) (   8,    8) (   8,    8) (   8,    8) (   8,    8) (   8,    8) (   8,    8) (   8,    8) (   8,    8) (   8,    8)
          (   8,    8) (   8,    8) (   8,    8) (   8,    8) (   8,    8) (   8,    8) (   8,    8) (   8,    8) (   8,    8) (   8,    8)
          (   8,    8) (   8,    8) (   8,    8) (   8,    8) (   8,    8) (   8,    8) (   8,    8) (   8,    8) (   8,    8) (   8,    8)
          (   8,    8) (   8,    8) (   8,    8) (   8,    8) (   8,    8) (   8,    8) (   8,    8) (   8,    8) (   8,    8) (   8,    8)
          (   8,    8) (   8,    8) (   8,    8) (   8,    8) (   8,    8) (   8,    8) (   8,    8) (   8,    8) (   8,    8) (   8,    8)
         
node   9 sent_total   5361  recv_total   5311

node  10  (   0,    0) (   0,    0) (   1,    0) (   0,    0) (   8,    2) (   8,    4) (   8,    6) (   8,    6) (   8,    7) (   8,    8)
          (   8,    4) (   8,    7) (   8,    8) (   8,    6) (   8,    6) (   8,    9) (   8,    5) (   8,    8) (   8,    7) (   8,    6)
          (   8,    7) (   8,    6) (   8,    8) (   8,    4) (   8,    6) (   8,    9) (   8,    8) (   8,    6) (   8,    5) (   8,    8)
          (   8,    6) (   8,    7) (   8,    8) (   8,    7) (   8,    8) (   8,    9) (   8,    5) (   8,    9) (   8,    5) (   8,    5)
          (   8,    4) (   8,    7) (   8,    6) (   8,    6) (   8,    7) (   8,    6) (   8,    7) (   8,    8) (   8,    8) (   8,    7)
          (   8,    8) (   8,    9) (   8,    7) (   7,    5) (   7,    3) (   7,    5) (   8,    6) (   8,    5) (   8,    5) (   6,    5)
          (   8,    3) (   8,    7) (   8,    7) (   7,    5) (   8,    7) (   6,    6) (   6,    6) (   8,    8) (   8,    4) (   8,    7)
          (   8,    5) (   8,    4) (   8,    6) (   8,    5) (   8,    6) (   7,    7) (   7,    5) (   7,    5) (   6,    8) (   8,    8)
          (   8,    4) (   7,    6) (   8,    6) (   8,    7) (   8,    4) (   7,    6) (   6,    4) (   7,    7) (   8,    5) (   6,    8)
          (   8,    7) (   8,    6) (   6,    6) (   8,    4) (   6,    7) (   7,    6) (   8,    2) (   6,    7) (   8,    6) (   7,    5)
          (   7,    6) (   6,    7) (   8,    4) (   7,    6) (   7,    4) (   8,    6) (   8,    4) (   7,    4) (   8,    3) (   8,    6)
          (   7,    4) (   8,    5) (   7,    5) (   7,    8) (   8,    8) (   7,    7) (   7,    8) (   5,    8) (   8,    7) (   8,    7)
          (   7,    8) (   6,    8) (   8,    8) (   7,    5) (   5,    7) (   7,    8) (   7,    5) (   8,    6) (   8,    8) (   8,    7)
          (   7,    7) (   8,    8) (   7,    6) (   6,    7) (   8,    7) (   7,    6) (   7,    8) (   8,    8) (   7,    8) (   8,    7)
          (   8,    8) (   6,    7) (   8,    8) (   7,    7) (   7,    5) (   6,    7) (   8,    8) (   7,    7) (   7,    8) (   8,    8)
          (   6,    7) (   8,    8) (   6,    8) (   8,    8) (   5,    6) (   8,    6) (   5,    7) (   5,    7) (   7,    7) (   7,    8)
          (   6,    8) (   6,    8) (   8,    8) (   8,    7) (   5,    6) (   7,    7) (   8,    7) (   8,    7) (   7,    7) (   8,    7)
          (   5,    8) (   6,    4) (   7,    8) (   8,    8) (   8,    7) (   8,    7) (   8,    8) (   7,    7) (   6,    5) (   7,    7)
          (   7,    8) (   8,    7) (   7,    8) (   8,    8) (   8,    7) (   8,    7) (   8,    8) (   8,    8) (   8,    8) (   6,    8)
          (   7,    8) (   7,    8) (   7,    8) (   8,    7) (   7,    8) (   7,    8) (   8,    8) (   8,    8) (   7,    6) (   7,    8)
          (   7,    7) (   5,    7) (   7,    8) (   7,    7) (   8,    8) (   8,    8) (   8,    7) (   6,    7) (   8,    5) (   6,    7)
          (   6,    8) (   8,    8) (   6,    8) (   8,    7) (   8,    8) (   6,    8) (   8,    7) (   8,    7) (   7,    7) (   7,    7)
          (   7,    6) (   6,    7) (   7,    7) (   4,    7) (   7,    8) (   7,    7) (   7,    7) (   8,    8) (   7,    8) (   8,    8)
          (   7,    7) (   8,    7) (   7,    7) (   7,    8) (   6,    7) (   7,    7) (   7,    8) (   7,    6) (   8,    8) (   8,    8)
          (   8,    8) (   8,    6) (   6,    7) (   8,    7) (   7,    7) (   5,    7) (   7,    7) (   7,    6) (   7,    7) (   8,    7)
          (   8,    7) (   7,    7) (   6,    8) (   8,    7) (   4,    8) (   7,    7) (   5,    8) (   7,    4) (   6,    8) (   7,    6)
          (   8,    8) (   8,    8) (   7,    7) (   6,    7) (   8,    7) (   5,    8) (   8,    6) (   8,    7) (   8,    7) (   8,    8)
          (   6,    7) (   7,    8) (   8,    6) (   7,    8) (   7,    8) (   8,    8) (   8,    7) (   8,    6) (   7,    8) (   8,    6)
          (   8,    6) (   7,    8) (   7,    7) (   5,    5) (   6,    8) (   7,    8) (   7,    7) (   7,    8) (   7,    5) (   7,    6)
          (   7,    7) (   6,    8) (   7,    7) (   6,    7) (   8,    6) (   7,    7) (   7,    7) (   7,    8) (   7,    7) (   8,    7)
          (   8,    6) (   8,    7) (   8,    8) (   8,    8) (   8,    8) (   8,    8) (   8,    8) (   8,    8) (   8,    8) (   8,    8)
          (   8,    8) (   8,    8) (   8,    8) (   8,    8) (   8,    8) (   8,    8) (   8,    8) (   8,    8) (   8,    8) (   8,    8)
          (   8,    8) (   8,    8) (   8,    8) (   8,    8) (   8,    8) (   8,    8) (   8,    8) (   8,    8) (   8,    8) (   8,    8)
          (   8,    8) (   8,    8) (   8,    8) (   8,    8) (   8,    8) (   8,    8) (   8,    8) (   8,    8) (   8,    8) (   8,    8)
          (   8,    8) (   8,    8) (   8,    8) (   8,    8) (   8,    8) (   8,    8) (   8,    8) (   8,    8) (   8,    8) (   8,    8)
          (   8,    8) (   8,    8) (   8,    8) (   8,    8) (   8,    8) (   8,    8) (   8,    8) (   8,    8) (   8,    8) (   8,    8)
          (   8,    8) (   8,    8) (   8,    8) (   8,    8) (   8,    8) (   8,    8) (   8,    8) (   8,    8) (   8,    8) (   8,    8)
          (   8,    8) (   8,    8) (   8,    8) (   8,    8) (   8,    8) (   8,    8) (   8,    8) (   8,    8) (   8,    8) (   8,    8)
          (   8,    8) (   8,    8) (   8,    8) (   8,    8) (   8,    8) (   8,    8) (   8,    8) (   8,    8) (   8,    8) (   8,    8)
          (   8,    8) (   8,    8) (   8,    8) (   8,    8) (   8,    8) (   8,    8) (   8,    8) (   8,    8) (   8,    8) (   8,    8)
          (   8,    8) (   8,    8) (   8,    8) (   8,    8) (   8,    8) (   8,    8) (   8,    8) (   8,    8) (   8,    8) (   8,    8)
          (   8,    8) (   8,    8) (   8,    8) (   8,    8) (   8,    8) (   8,    8) (   8,    8) (   8,    8) (   8,    8) (   8,    8)
          (   8,    8) (   8,    8) (   8,    8) (   8,    8) (   8,    8) (   8,    8) (   8,    8) (   8,    8) (   8,    8) (   8,    8)
          (   8,    8) (   8,    8) (   8,    8) (   8,    8) (   8,    8) (   8,    8) (   8,    8) (   8,    8) (   8,    8) (   8,    8)
          (   8,    8) (   8,    8) (   8,    8) (   8,    8) (   8,    8) (   8,    8) (   8,    8) (   8,    8) (   8,    8) (   8,    8)
          (   8,    8) (   8,    8) (   8,    8) (   8,    8) (   8,    8) (   8,    8) (   8,    8) (   8,    8) (   8,    8) (   8,    8)
          (   8,    8) (   8,    8) (   8,    8) (   8,    8) (   8,    8) (   8,    8) (   8,    8) (   8,    8) (   8,    8) (   8,    8)
          (   8,    8) (   8,    8) (   8,    8) (   8,    8) (   8,    8) (   8,    8) (   8,    8) (   8,    8) (   8,    8) (   8,    8)
          (   8,    8) (   8,    8) (   8,    8) (   8,    8) (   8,    8) (   8,    8) (   8,    8) (   8,    8) (   8,    8) (   8,    8)
          (   8,    8) (   8,    8) (   8,    8) (   8,    8) (   8,    8) (   8,    8) (   8,    8) (   8,    8) (   8,    8) (   8,    8)
          (   8,    8) (   8,    8) (   8,    8) (   8,    8) (   8,    8) (   8,    8) (   8,    8) (   8,    8) (   8,    8) (   8,    8)
          (   8,    8) (   8,    8) (   8,    8) (   8,    8) (   8,    8) (   8,    8) (   8,    8) (   8,    8) (   8,    8) (   8,    8)
          (   8,    8) (   8,    8) (   8,    8) (   8,    8) (   8,    8) (   8,    8) (   8,    8) (   8,    8) (   8,    8) (   8,    8)
          (   8,    8) (   8,    8) (   8,    8) (   8,    8) (   8,    8) (   8,    8) (   8,    8) (   8,    8) (   8,    8) (   8,    8)
          (   8,    8) (   8,    8) (   8,    8) (   8,    8) (   8,    8) (   8,    8) (   8,    8) (   8,    8) (   8,    8) (   8,    8)
          (   8,    8) (   8,    8) (   8,    8) (   8,    8) (   8,    8) (   8,    8) (   8,    8) (   8,    8) (   8,    8) (   8,    8)
          (   8,    8) (   8,    8) (   8,    8) (   8,    8) (   8,    8) (   8,    8) (   8,    8) (   8,    8) (   8,    8) (   8,    8)
          (   8,    8) (   8,    8) (   8,    8) (   8,    8) (   8,    8) (   8,    8) (   8,    8) (   8,    8) (   8,    8) (   8,    8)
          (   8,    8) (   8,    8) (   8,    8) (   8,    8) (   8,    8) (   8,    8) (   8,    8) (   8,    8) (   8,    8) (   8,    8)
          (   8,    8) (   8,    8) (   8,    8) (   8,    8) (   8,    8) (   8,    8) (   8,    8) (   8,    8) (   8,    8) (   8,    8)
          (   8,    8) (   8,    8) (   8,    8) (   8,    8) (   8,    8) (   8,    8) (   8,    8) (   8,    8) (   8,    8) (   8,    8)
          (   8,    8) (   8,    8) (   8,    8) (   8,    8) (   8,    8) (   8,    8) (   8,    8) (   8,    8) (   8,    8) (   8,    8)
          (   8,    8) (   8,    8) (   8,    8) (   8,    8) (   8,    8) (   8,    8) (   8,    8) (   8,    8) (   8,    8) (   8,    8)
          (   8,    8) (   8,    8) (   8,    8) (   8,    8) (   8,    8) (   8,    8) (   8,    8) (   8,    8) (   8,    8) (   8,    8)
          (   8,    8) (   8,    8) (   8,    8) (   8,    8) (   8,    8) (   8,    8) (   8,    8) (   8,    8) (   8,    8) (   8,    8)
          (   8,    8) (   8,    8) (   8,    8) (   8,    8) (   8,    8) (   8,    8) (   8,    8) (   8,    8) (   8,    8) (   8,    8)
          (   8,    8) (   8,    8) (   8,    8) (   8,    8) (   8,    8) (   8,    8) (   8,    8) (   8,    8) (   8,    8) (   8,    8)
          (   8,    8) (   8,    8) (   8,    8) (   8,    8) (   8,    8) (   8,    8) (   8,    8) (   8,    8) (   8,    8) (   8,    8)
          (   8,    8) (   8,    8) (   8,    8) (   8,    8) (   8,    8) (   8,    8) (   8,    8) (   8,    8) (   8,    8) (   8,    8)
          (   8,    8) (   8,    8) (   8,    8) (   8,    8) (   8,    8) (   8,    8) (   8,    8) (   8,    8) (   8,    8) (   8,    8)
         
node  10 sent_total   5360  recv_total   5202

